Using pre-set license
Built from '2022.3/release' branch; Version is '2022.3.5f1 (9674261d40ee) revision 9860134'; Using compiler version '192829333'; Build Type 'Release'
OS: 'Windows 11  (10.0.22621) 64bit Enterprise' Language: 'en' Physical Memory: 16275 MB
BatchMode: 1, IsHumanControllingUs: 0, StartBugReporterOnCrash: 0, Is64bit: 1, IsPro: 1

COMMAND LINE ARGUMENTS:
C:\Program Files\Unity\Hub\Editor\2022.3.5f1\Editor\Unity.exe
-adb2
-batchMode
-noUpm
-name
AssetImportWorker2
-projectPath
C:/Users/G00287035/Documents/GitHub/08-lightingsound-cvalentine25
-logFile
Logs/AssetImportWorker2.log
-srvPort
64906
Successfully changed project path to: C:/Users/G00287035/Documents/GitHub/08-lightingsound-cvalentine25
C:/Users/G00287035/Documents/GitHub/08-lightingsound-cvalentine25
[UnityMemory] Configuration Parameters - Can be set up in boot.config
    "memorysetup-bucket-allocator-granularity=16"
    "memorysetup-bucket-allocator-bucket-count=8"
    "memorysetup-bucket-allocator-block-size=33554432"
    "memorysetup-bucket-allocator-block-count=8"
    "memorysetup-main-allocator-block-size=16777216"
    "memorysetup-thread-allocator-block-size=16777216"
    "memorysetup-gfx-main-allocator-block-size=16777216"
    "memorysetup-gfx-thread-allocator-block-size=16777216"
    "memorysetup-cache-allocator-block-size=4194304"
    "memorysetup-typetree-allocator-block-size=2097152"
    "memorysetup-profiler-bucket-allocator-granularity=16"
    "memorysetup-profiler-bucket-allocator-bucket-count=8"
    "memorysetup-profiler-bucket-allocator-block-size=33554432"
    "memorysetup-profiler-bucket-allocator-block-count=8"
    "memorysetup-profiler-allocator-block-size=16777216"
    "memorysetup-profiler-editor-allocator-block-size=1048576"
    "memorysetup-temp-allocator-size-main=16777216"
    "memorysetup-job-temp-allocator-block-size=2097152"
    "memorysetup-job-temp-allocator-block-size-background=1048576"
    "memorysetup-job-temp-allocator-reduction-small-platforms=262144"
    "memorysetup-allocator-temp-initial-block-size-main=262144"
    "memorysetup-allocator-temp-initial-block-size-worker=262144"
    "memorysetup-temp-allocator-size-background-worker=32768"
    "memorysetup-temp-allocator-size-job-worker=262144"
    "memorysetup-temp-allocator-size-preload-manager=33554432"
    "memorysetup-temp-allocator-size-nav-mesh-worker=65536"
    "memorysetup-temp-allocator-size-audio-worker=65536"
    "memorysetup-temp-allocator-size-cloud-worker=32768"
    "memorysetup-temp-allocator-size-gi-baking-worker=262144"
    "memorysetup-temp-allocator-size-gfx=262144"
Player connection [11372] Host "[IP] 172.25.69.131 [Port] 0 [Flags] 2 [Guid] 3373586461 [EditorId] 3373586461 [Version] 1048832 [Id] WindowsEditor(7,W213-18) [Debug] 1 [PackageName] WindowsEditor [ProjectName] Editor" joined multi-casting on [225.0.0.222:54997]...

Player connection [11372] Host "[IP] 172.25.69.131 [Port] 0 [Flags] 2 [Guid] 3373586461 [EditorId] 3373586461 [Version] 1048832 [Id] WindowsEditor(7,W213-18) [Debug] 1 [PackageName] WindowsEditor [ProjectName] Editor" joined alternative multi-casting on [225.0.0.222:34997]...

Refreshing native plugins compatible for Editor in 3.36 ms, found 0 plugins.
Preloading 0 native plugins for Editor in 0.00 ms.
Initialize engine version: 2022.3.5f1 (9674261d40ee)
[Subsystems] Discovering subsystems at path C:/Program Files/Unity/Hub/Editor/2022.3.5f1/Editor/Data/Resources/UnitySubsystems
[Subsystems] Discovering subsystems at path C:/Users/G00287035/Documents/GitHub/08-lightingsound-cvalentine25/Assets
GfxDevice: creating device client; threaded=0; jobified=0
Direct3D:
    Version:  Direct3D 11.0 [level 11.1]
    Renderer: NVIDIA GeForce GTX 1060 6GB (ID=0x1c03)
    Vendor:   NVIDIA
    VRAM:     6052 MB
    Driver:   27.21.14.5751
Initialize mono
Mono path[0] = 'C:/Program Files/Unity/Hub/Editor/2022.3.5f1/Editor/Data/Managed'
Mono path[1] = 'C:/Program Files/Unity/Hub/Editor/2022.3.5f1/Editor/Data/MonoBleedingEdge/lib/mono/unityjit-win32'
Mono config path = 'C:/Program Files/Unity/Hub/Editor/2022.3.5f1/Editor/Data/MonoBleedingEdge/etc'
Using monoOptions --debugger-agent=transport=dt_socket,embedding=1,server=y,suspend=n,address=127.0.0.1:56908
Begin MonoManager ReloadAssembly
Registering precompiled unity dll's ...
Register platform support module: C:/Program Files/Unity/Hub/Editor/2022.3.5f1/Editor/Data/PlaybackEngines/WebGLSupport/UnityEditor.WebGL.Extensions.dll
Register platform support module: C:/Program Files/Unity/Hub/Editor/2022.3.5f1/Editor/Data/PlaybackEngines/iOSSupport/UnityEditor.iOS.Extensions.dll
Register platform support module: C:/Program Files/Unity/Hub/Editor/2022.3.5f1/Editor/Data/PlaybackEngines/WindowsStandaloneSupport/UnityEditor.WindowsStandalone.Extensions.dll
Register platform support module: C:/Program Files/Unity/Hub/Editor/2022.3.5f1/Editor/Data/PlaybackEngines/MetroSupport/UnityEditor.UWP.Extensions.dll
Registered in 0.025001 seconds.
- Loaded All Assemblies, in  0.753 seconds
Native extension for UWP target not found
Native extension for WindowsStandalone target not found
[usbmuxd] Start listen thread
[usbmuxd] Listen thread started
Native extension for iOS target not found
Native extension for WebGL target not found
Mono: successfully reloaded assembly
- Finished resetting the current domain, in  0.444 seconds
Domain Reload Profiling: 1194ms
	BeginReloadAssembly (147ms)
		ExecutionOrderSort (0ms)
		DisableScriptedObjects (0ms)
		BackupInstance (0ms)
		ReleaseScriptingObjects (0ms)
		CreateAndSetChildDomain (1ms)
	RebuildCommonClasses (61ms)
	RebuildNativeTypeToScriptingClass (24ms)
	initialDomainReloadingComplete (186ms)
	LoadAllAssembliesAndSetupDomain (333ms)
		LoadAssemblies (144ms)
		RebuildTransferFunctionScriptingTraits (0ms)
		AnalyzeDomain (309ms)
			TypeCache.Refresh (307ms)
				TypeCache.ScanAssembly (289ms)
			ScanForSourceGeneratedMonoScriptInfo (1ms)
			ResolveRequiredComponents (1ms)
	FinalizeReload (444ms)
		ReleaseScriptCaches (0ms)
		RebuildScriptCaches (0ms)
		SetupLoadedEditorAssemblies (359ms)
			LogAssemblyErrors (0ms)
			InitializePlatformSupportModulesInManaged (52ms)
			SetLoadedEditorAssemblies (8ms)
			RefreshPlugins (0ms)
			BeforeProcessingInitializeOnLoad (4ms)
			ProcessInitializeOnLoadAttributes (222ms)
			ProcessInitializeOnLoadMethodAttributes (73ms)
			AfterProcessingInitializeOnLoad (0ms)
			EditorAssembliesLoaded (0ms)
		ExecutionOrderSort2 (0ms)
		AwakeInstancesAfterBackupRestoration (0ms)
========================================================================
Worker process is ready to serve import requests
Begin MonoManager ReloadAssembly
- Loaded All Assemblies, in  0.939 seconds
Refreshing native plugins compatible for Editor in 0.84 ms, found 0 plugins.
Native extension for UWP target not found
Native extension for WindowsStandalone target not found
Native extension for iOS target not found
Native extension for WebGL target not found
Mono: successfully reloaded assembly
- Finished resetting the current domain, in  1.261 seconds
Domain Reload Profiling: 2197ms
	BeginReloadAssembly (194ms)
		ExecutionOrderSort (0ms)
		DisableScriptedObjects (7ms)
		BackupInstance (0ms)
		ReleaseScriptingObjects (0ms)
		CreateAndSetChildDomain (31ms)
	RebuildCommonClasses (81ms)
	RebuildNativeTypeToScriptingClass (86ms)
	initialDomainReloadingComplete (74ms)
	LoadAllAssembliesAndSetupDomain (501ms)
		LoadAssemblies (278ms)
		RebuildTransferFunctionScriptingTraits (0ms)
		AnalyzeDomain (329ms)
			TypeCache.Refresh (309ms)
				TypeCache.ScanAssembly (241ms)
			ScanForSourceGeneratedMonoScriptInfo (16ms)
			ResolveRequiredComponents (4ms)
	FinalizeReload (1262ms)
		ReleaseScriptCaches (0ms)
		RebuildScriptCaches (0ms)
		SetupLoadedEditorAssemblies (858ms)
			LogAssemblyErrors (0ms)
			InitializePlatformSupportModulesInManaged (102ms)
			SetLoadedEditorAssemblies (9ms)
			RefreshPlugins (0ms)
			BeforeProcessingInitializeOnLoad (101ms)
			ProcessInitializeOnLoadAttributes (538ms)
			ProcessInitializeOnLoadMethodAttributes (94ms)
			AfterProcessingInitializeOnLoad (13ms)
			EditorAssembliesLoaded (0ms)
		ExecutionOrderSort2 (0ms)
		AwakeInstancesAfterBackupRestoration (14ms)
Launched and connected shader compiler UnityShaderCompiler.exe after 0.09 seconds
Refreshing native plugins compatible for Editor in 0.69 ms, found 0 plugins.
Preloading 0 native plugins for Editor in 0.00 ms.
Unloading 1029 Unused Serialized files (Serialized files now loaded: 0)
Unloading 11 unused Assets / (49.9 KB). Loaded Objects now: 1505.
Memory consumption went from 74.1 MB to 74.0 MB.
Total: 7.467900 ms (FindLiveObjects: 0.300500 ms CreateObjectMapping: 0.123800 ms MarkObjects: 6.926900 ms  DeleteObjects: 0.115100 ms)

AssetImportParameters requested are different than current active one (requested -> active):
  custom:video-encoder-webm-vp8: eb34c28f22e8b96e1ab97ce403110664 -> 
  custom:video-decoder-webm-vp8: 9c59270c3fd7afecdb556c50c9e8de78 -> 
  custom:audio-decoder-ogg-vorbis: bf7c407c2cedff20999df2af8eb42d56 -> 
  custom:container-demuxer-ogg: 62fdf1f143b41e24485cea50d1cbac27 -> 
  custom:AudioImporter_EditorPlatform: d09bf68614088b80899f8185d706f6e7 -> 
  custom:CustomObjectIndexerAttribute: 756ad292c208cfabdd7b50bc23989ffe -> 
  custom:container-demuxer-webm: 4f35f7cbe854078d1ac9338744f61a02 -> 
  custom:video-codec-MediaFoundation-h265: 746d11721c4dcdbdad8f713fa42b33f4 -> 
  custom:video-decoder-ogg-theora: a1e56fd34408186e4bbccfd4996cb3dc -> 
  custom:audio-encoder-webm-vorbis: bf7c407c2cedff20999df2af8eb42d56 -> 
  custom:framework-win-MediaFoundation: 216162199b28c13a410421893ffa2e32 -> 
  custom:container-muxer-webm: aa71ff27fc2769a1b78a27578f13a17b -> 
========================================================================
Received Import Request.
  Time since last request: 4475.263222 seconds.
  path: Assets/Models/Mobile/mobile_arch.fbx
  artifactKey: Guid(64beab2c32bc04bb4b65827f9fa3778f) Importer(815301076,1909f56bfc062723c751e8b465ee728b)
Start importing Assets/Models/Mobile/mobile_arch.fbx using Guid(64beab2c32bc04bb4b65827f9fa3778f) Importer(815301076,1909f56bfc062723c751e8b465ee728b)  -> (artifact id: '18e78a03e0d8b8f85958f6bbc30bbcb2') in 1.167727 seconds
Number of updated asset objects reloaded before import = 0
Number of asset objects unloaded after import = 9
========================================================================
Received Import Request.
  Time since last request: 0.000029 seconds.
  path: Assets/Models/Standard/floor_04_plane.fbx
  artifactKey: Guid(9fcb5151f179e40449ebc160cbbb7ed4) Importer(815301076,1909f56bfc062723c751e8b465ee728b)
Start importing Assets/Models/Standard/floor_04_plane.fbx using Guid(9fcb5151f179e40449ebc160cbbb7ed4) Importer(815301076,1909f56bfc062723c751e8b465ee728b)  -> (artifact id: '77d789d1b3e9666984ad9328fe83dccc') in 0.026907 seconds
Number of updated asset objects reloaded before import = 0
Number of asset objects unloaded after import = 9
========================================================================
Received Import Request.
  Time since last request: 0.000476 seconds.
  path: Assets/Models/Standard/bone_02.fbx
  artifactKey: Guid(a93ef4d86e7b34188ae8f0894d410267) Importer(815301076,1909f56bfc062723c751e8b465ee728b)
Start importing Assets/Models/Standard/bone_02.fbx using Guid(a93ef4d86e7b34188ae8f0894d410267) Importer(815301076,1909f56bfc062723c751e8b465ee728b)  -> (artifact id: '67270e44ad91bd17fd840ef46dfcd2f7') in 0.026650 seconds
Number of updated asset objects reloaded before import = 0
Number of asset objects unloaded after import = 9
========================================================================
Received Import Request.
  Time since last request: 0.000020 seconds.
  path: Assets/Models/Mobile/mobile_lower_wall_concave.fbx
  artifactKey: Guid(04dfea5db13b54fb5afac3373aeab35f) Importer(815301076,1909f56bfc062723c751e8b465ee728b)
Start importing Assets/Models/Mobile/mobile_lower_wall_concave.fbx using Guid(04dfea5db13b54fb5afac3373aeab35f) Importer(815301076,1909f56bfc062723c751e8b465ee728b)  -> (artifact id: '4678898750b62d3934741cb52f7565bc') in 0.026659 seconds
Number of updated asset objects reloaded before import = 0
Number of asset objects unloaded after import = 9
========================================================================
Received Import Request.
  Time since last request: 0.000016 seconds.
  path: Assets/Models/Mobile/mobile_pole_02.fbx
  artifactKey: Guid(6f1fe4b79f9c84d27a1b67ec06cc2123) Importer(815301076,1909f56bfc062723c751e8b465ee728b)
Start importing Assets/Models/Mobile/mobile_pole_02.fbx using Guid(6f1fe4b79f9c84d27a1b67ec06cc2123) Importer(815301076,1909f56bfc062723c751e8b465ee728b)  -> (artifact id: 'de71f17c6f24b15d6e99258259d6a6b4') in 0.025594 seconds
Number of updated asset objects reloaded before import = 0
Number of asset objects unloaded after import = 9
========================================================================
Received Import Request.
  Time since last request: 0.000020 seconds.
  path: Assets/Models/Mobile/mobile_pillar_small_top.fbx
  artifactKey: Guid(ac438fb0d5e65448dbe3262cb175d759) Importer(815301076,1909f56bfc062723c751e8b465ee728b)
Start importing Assets/Models/Mobile/mobile_pillar_small_top.fbx using Guid(ac438fb0d5e65448dbe3262cb175d759) Importer(815301076,1909f56bfc062723c751e8b465ee728b)  -> (artifact id: '9622499d76a562052a0f61fcd42c217a') in 0.024748 seconds
Number of updated asset objects reloaded before import = 0
Number of asset objects unloaded after import = 9
========================================================================
Received Import Request.
  Time since last request: 0.000023 seconds.
  path: Assets/Models/Standard/floor_02.fbx
  artifactKey: Guid(9d1b46819be734c7c88ee95d244d784d) Importer(815301076,1909f56bfc062723c751e8b465ee728b)
Start importing Assets/Models/Standard/floor_02.fbx using Guid(9d1b46819be734c7c88ee95d244d784d) Importer(815301076,1909f56bfc062723c751e8b465ee728b)  -> (artifact id: '37a45902f20d39c278ebc3e5d3b7ae15') in 0.022582 seconds
Number of updated asset objects reloaded before import = 0
Number of asset objects unloaded after import = 9
========================================================================
Received Import Request.
  Time since last request: 0.000017 seconds.
  path: Assets/Models/Mobile/mobile_floor_divider_01.fbx
  artifactKey: Guid(3e537e0bea1b0497e8bd0041c6591ab1) Importer(815301076,1909f56bfc062723c751e8b465ee728b)
Start importing Assets/Models/Mobile/mobile_floor_divider_01.fbx using Guid(3e537e0bea1b0497e8bd0041c6591ab1) Importer(815301076,1909f56bfc062723c751e8b465ee728b)  -> (artifact id: 'f11b33748023b0a9ca67752f9c319e71') in 0.024055 seconds
Number of updated asset objects reloaded before import = 0
Number of asset objects unloaded after import = 9
========================================================================
Received Import Request.
  Time since last request: 0.000023 seconds.
  path: Assets/Models/Standard/lower_wall_tile.fbx
  artifactKey: Guid(2c87571c11f7c40a5aca466f1e83243d) Importer(815301076,1909f56bfc062723c751e8b465ee728b)
Start importing Assets/Models/Standard/lower_wall_tile.fbx using Guid(2c87571c11f7c40a5aca466f1e83243d) Importer(815301076,1909f56bfc062723c751e8b465ee728b)  -> (artifact id: '567c5e3284ca96a0f6b725dcf58f1a59') in 0.026555 seconds
Number of updated asset objects reloaded before import = 0
Number of asset objects unloaded after import = 9
========================================================================
Received Import Request.
  Time since last request: 0.000034 seconds.
  path: Assets/Models/Standard/arch.fbx
  artifactKey: Guid(38000b18fcaf0463d876955f8856434a) Importer(815301076,1909f56bfc062723c751e8b465ee728b)
Start importing Assets/Models/Standard/arch.fbx using Guid(38000b18fcaf0463d876955f8856434a) Importer(815301076,1909f56bfc062723c751e8b465ee728b)  -> (artifact id: '7e0a9d350dca44afbfc9d2664da46b5c') in 0.036121 seconds
Number of updated asset objects reloaded before import = 0
Number of asset objects unloaded after import = 9
========================================================================
Received Import Request.
  Time since last request: 0.000029 seconds.
  path: Assets/Models/Standard/loose_rocks_01.fbx
  artifactKey: Guid(cf58b05cc6fa042209aefe409c94feda) Importer(815301076,1909f56bfc062723c751e8b465ee728b)
Start importing Assets/Models/Standard/loose_rocks_01.fbx using Guid(cf58b05cc6fa042209aefe409c94feda) Importer(815301076,1909f56bfc062723c751e8b465ee728b)  -> (artifact id: 'd4e4a33d85bc1645046b5e398eb84f5a') in 0.139633 seconds
Number of updated asset objects reloaded before import = 0
Number of asset objects unloaded after import = 9
========================================================================
Received Import Request.
  Time since last request: 0.000033 seconds.
  path: Assets/Models/Mobile/mobile_pillar_small_segment.fbx
  artifactKey: Guid(2a34d8226bf6e427d8b078b3299d4277) Importer(815301076,1909f56bfc062723c751e8b465ee728b)
Start importing Assets/Models/Mobile/mobile_pillar_small_segment.fbx using Guid(2a34d8226bf6e427d8b078b3299d4277) Importer(815301076,1909f56bfc062723c751e8b465ee728b)  -> (artifact id: '6bd6ad724e2fe0e4065f433260a3c8bb') in 0.048773 seconds
Number of updated asset objects reloaded before import = 0
Number of asset objects unloaded after import = 9
========================================================================
Received Import Request.
  Time since last request: 0.000345 seconds.
  path: Assets/Models/Mobile/mobile_floor_divider_hub.fbx
  artifactKey: Guid(b3b2d2a1ed8c24d818f97e8ab79cb196) Importer(815301076,1909f56bfc062723c751e8b465ee728b)
Start importing Assets/Models/Mobile/mobile_floor_divider_hub.fbx using Guid(b3b2d2a1ed8c24d818f97e8ab79cb196) Importer(815301076,1909f56bfc062723c751e8b465ee728b)  -> (artifact id: '8975d4132c4c211d46fc1dd67b5f867c') in 0.068901 seconds
Number of updated asset objects reloaded before import = 0
Number of asset objects unloaded after import = 9
========================================================================
Received Import Request.
  Time since last request: 0.000409 seconds.
  path: Assets/Models/Mobile/mobile_floor_01.fbx
  artifactKey: Guid(d4aba4894786946fcbdcd08c47c95d0c) Importer(815301076,1909f56bfc062723c751e8b465ee728b)
Start importing Assets/Models/Mobile/mobile_floor_01.fbx using Guid(d4aba4894786946fcbdcd08c47c95d0c) Importer(815301076,1909f56bfc062723c751e8b465ee728b)  -> (artifact id: '187c87fce852ed1bedf84fc0ca196d09') in 0.024829 seconds
Number of updated asset objects reloaded before import = 0
Number of asset objects unloaded after import = 9
========================================================================
Received Import Request.
  Time since last request: 0.000018 seconds.
  path: Assets/Models/Mobile/mobile_floor_04.fbx
  artifactKey: Guid(29eed79f9f3a24205b7009a97bea79cb) Importer(815301076,1909f56bfc062723c751e8b465ee728b)
Start importing Assets/Models/Mobile/mobile_floor_04.fbx using Guid(29eed79f9f3a24205b7009a97bea79cb) Importer(815301076,1909f56bfc062723c751e8b465ee728b)  -> (artifact id: '91dc2622d63075d233bf78316ab03754') in 0.024310 seconds
Number of updated asset objects reloaded before import = 0
Number of asset objects unloaded after import = 9
========================================================================
Received Import Request.
  Time since last request: 6719.178500 seconds.
  path: Assets/Models/Mobile/mobile_rocks_03.fbx
  artifactKey: Guid(8aceca75cbe854558b931259231d7151) Importer(815301076,1909f56bfc062723c751e8b465ee728b)
Start importing Assets/Models/Mobile/mobile_rocks_03.fbx using Guid(8aceca75cbe854558b931259231d7151) Importer(815301076,1909f56bfc062723c751e8b465ee728b)  -> (artifact id: 'e9c47604bf7d8400f246f21c7dc97637') in 0.198708 seconds
Number of updated asset objects reloaded before import = 0
Number of asset objects unloaded after import = 9
========================================================================
Received Import Request.
  Time since last request: 0.000463 seconds.
  path: Assets/Models/Mobile/mobile_skull_02_b.fbx
  artifactKey: Guid(0c5470fc7e9ad42d191cb02bb9779484) Importer(815301076,1909f56bfc062723c751e8b465ee728b)
Start importing Assets/Models/Mobile/mobile_skull_02_b.fbx using Guid(0c5470fc7e9ad42d191cb02bb9779484) Importer(815301076,1909f56bfc062723c751e8b465ee728b)  -> (artifact id: '4bda3e44bbf765ce86ffd261dba64507') in 0.030842 seconds
Number of updated asset objects reloaded before import = 0
Number of asset objects unloaded after import = 9
========================================================================
Received Import Request.
  Time since last request: 0.000020 seconds.
  path: Assets/Models/Mobile/mobile_scaffolding_02.fbx
  artifactKey: Guid(8a76c68a2333c4d0abc8409afbfd4b66) Importer(815301076,1909f56bfc062723c751e8b465ee728b)
Start importing Assets/Models/Mobile/mobile_scaffolding_02.fbx using Guid(8a76c68a2333c4d0abc8409afbfd4b66) Importer(815301076,1909f56bfc062723c751e8b465ee728b)  -> (artifact id: 'a39eb8b11cfe116c2aa1f30c6493721e') in 0.025197 seconds
Number of updated asset objects reloaded before import = 0
Number of asset objects unloaded after import = 9
========================================================================
Received Import Request.
  Time since last request: 0.000023 seconds.
  path: Assets/Models/Mobile/mobile_skeleton_01.fbx
  artifactKey: Guid(a3b77e5f70f6942d5b612fca3c4725f0) Importer(815301076,1909f56bfc062723c751e8b465ee728b)
Start importing Assets/Models/Mobile/mobile_skeleton_01.fbx using Guid(a3b77e5f70f6942d5b612fca3c4725f0) Importer(815301076,1909f56bfc062723c751e8b465ee728b)  -> (artifact id: '0016f568b04b5bb4e114064053c0ebe8') in 0.464882 seconds
Number of updated asset objects reloaded before import = 0
Number of asset objects unloaded after import = 16
========================================================================
Received Import Request.
  Time since last request: 26.568751 seconds.
  path: Assets/Models/Mobile/mobile_stair_bottom_2_wide.fbx
  artifactKey: Guid(934294656f0044172928d6baaa47f20a) Importer(815301076,1909f56bfc062723c751e8b465ee728b)
Start importing Assets/Models/Mobile/mobile_stair_bottom_2_wide.fbx using Guid(934294656f0044172928d6baaa47f20a) Importer(815301076,1909f56bfc062723c751e8b465ee728b)  -> (artifact id: '3b8600cb20a12464ec43ae9211ec951e') in 0.158685 seconds
Number of updated asset objects reloaded before import = 0
Number of asset objects unloaded after import = 9
========================================================================
Received Import Request.
  Time since last request: 0.000024 seconds.
  path: Assets/Models/Mobile/mobile_vines_01.fbx
  artifactKey: Guid(aecd1bb546ad240e5903e9071834e5f4) Importer(815301076,1909f56bfc062723c751e8b465ee728b)
Start importing Assets/Models/Mobile/mobile_vines_01.fbx using Guid(aecd1bb546ad240e5903e9071834e5f4) Importer(815301076,1909f56bfc062723c751e8b465ee728b)  -> (artifact id: 'dfa570742b34c9e6584ad7fff7a66452') in 0.020029 seconds
Number of updated asset objects reloaded before import = 0
Number of asset objects unloaded after import = 9
========================================================================
Received Import Request.
  Time since last request: 0.000023 seconds.
  path: Assets/Models/Standard/wall_corner_x.fbx
  artifactKey: Guid(36539e02a0507486cba9d5438173567b) Importer(815301076,1909f56bfc062723c751e8b465ee728b)
Start importing Assets/Models/Standard/wall_corner_x.fbx using Guid(36539e02a0507486cba9d5438173567b) Importer(815301076,1909f56bfc062723c751e8b465ee728b)  -> (artifact id: 'cb051a8ccb37d5ac112d1b9d90d51d3a') in 0.023382 seconds
Number of updated asset objects reloaded before import = 0
Number of asset objects unloaded after import = 9
========================================================================
Received Import Request.
  Time since last request: 0.000020 seconds.
  path: Assets/Models/Mobile/mobile_step_wall_corner_concave.fbx
  artifactKey: Guid(35459aa9783b942a3b0bcfed5308ec31) Importer(815301076,1909f56bfc062723c751e8b465ee728b)
Start importing Assets/Models/Mobile/mobile_step_wall_corner_concave.fbx using Guid(35459aa9783b942a3b0bcfed5308ec31) Importer(815301076,1909f56bfc062723c751e8b465ee728b)  -> (artifact id: '917b6caf228353c6d029606cbe5331c4') in 0.022591 seconds
Number of updated asset objects reloaded before import = 0
Number of asset objects unloaded after import = 9
========================================================================
Received Import Request.
  Time since last request: 0.000022 seconds.
  path: Assets/Models/Standard/stair_short_2_wide.fbx
  artifactKey: Guid(da376fdb8424342ffa0e5a05ea108c3b) Importer(815301076,1909f56bfc062723c751e8b465ee728b)
Start importing Assets/Models/Standard/stair_short_2_wide.fbx using Guid(da376fdb8424342ffa0e5a05ea108c3b) Importer(815301076,1909f56bfc062723c751e8b465ee728b)  -> (artifact id: '877bb5d2eccb4ef5c7f87c062ee2aabd') in 0.023617 seconds
Number of updated asset objects reloaded before import = 0
Number of asset objects unloaded after import = 9
========================================================================
Received Import Request.
  Time since last request: 0.000020 seconds.
  path: Assets/Models/Mobile/mobile_step_wall_corner_convex.fbx
  artifactKey: Guid(5413ef5d2b4204e2980019134bad36ff) Importer(815301076,1909f56bfc062723c751e8b465ee728b)
Start importing Assets/Models/Mobile/mobile_step_wall_corner_convex.fbx using Guid(5413ef5d2b4204e2980019134bad36ff) Importer(815301076,1909f56bfc062723c751e8b465ee728b)  -> (artifact id: '7634887412926f24aaaee86dc73f2c89') in 0.024586 seconds
Number of updated asset objects reloaded before import = 0
Number of asset objects unloaded after import = 9
========================================================================
Received Import Request.
  Time since last request: 0.000021 seconds.
  path: Assets/Models/Standard/skeleton_01.fbx
  artifactKey: Guid(ae6e9c9b1e1a8449ab7c41b5acb4ad0a) Importer(815301076,1909f56bfc062723c751e8b465ee728b)
Start importing Assets/Models/Standard/skeleton_01.fbx using Guid(ae6e9c9b1e1a8449ab7c41b5acb4ad0a) Importer(815301076,1909f56bfc062723c751e8b465ee728b)  -> (artifact id: '0877f1a9ff754af1813e3efa54c4167b') in 0.043471 seconds
Number of updated asset objects reloaded before import = 0
Number of asset objects unloaded after import = 16
========================================================================
Received Import Request.
  Time since last request: 0.000028 seconds.
  path: Assets/Models/Standard/stair_top_2_wide.fbx
  artifactKey: Guid(2186e6c1949464245ba85e327ff5e00d) Importer(815301076,1909f56bfc062723c751e8b465ee728b)
Start importing Assets/Models/Standard/stair_top_2_wide.fbx using Guid(2186e6c1949464245ba85e327ff5e00d) Importer(815301076,1909f56bfc062723c751e8b465ee728b)  -> (artifact id: '37aba0857a491e6e453053ed1da3bd9e') in 0.025763 seconds
Number of updated asset objects reloaded before import = 0
Number of asset objects unloaded after import = 9
========================================================================
Received Import Request.
  Time since last request: 0.000021 seconds.
  path: Assets/Models/Mobile/mobile_wall_corner_concave.fbx
  artifactKey: Guid(a1a9675d2890b48f4a95dba32ca27e37) Importer(815301076,1909f56bfc062723c751e8b465ee728b)
Start importing Assets/Models/Mobile/mobile_wall_corner_concave.fbx using Guid(a1a9675d2890b48f4a95dba32ca27e37) Importer(815301076,1909f56bfc062723c751e8b465ee728b)  -> (artifact id: 'e9007b5b9c488547a6f4581ff6a07e22') in 0.020776 seconds
Number of updated asset objects reloaded before import = 0
Number of asset objects unloaded after import = 9
========================================================================
Received Import Request.
  Time since last request: 0.000016 seconds.
  path: Assets/Models/Mobile/mobile_vines_02.fbx
  artifactKey: Guid(6eb57a165bcb44889b1fddea85069ce7) Importer(815301076,1909f56bfc062723c751e8b465ee728b)
Start importing Assets/Models/Mobile/mobile_vines_02.fbx using Guid(6eb57a165bcb44889b1fddea85069ce7) Importer(815301076,1909f56bfc062723c751e8b465ee728b)  -> (artifact id: '5ef77729a8bf6f777b78ea45f14fabfb') in 0.017956 seconds
Number of updated asset objects reloaded before import = 0
Number of asset objects unloaded after import = 9
========================================================================
Received Import Request.
  Time since last request: 0.000021 seconds.
  path: Assets/Models/Standard/skull_02_b.fbx
  artifactKey: Guid(f188b670ab62d4adba24349ddf9d25c0) Importer(815301076,1909f56bfc062723c751e8b465ee728b)
Start importing Assets/Models/Standard/skull_02_b.fbx using Guid(f188b670ab62d4adba24349ddf9d25c0) Importer(815301076,1909f56bfc062723c751e8b465ee728b)  -> (artifact id: 'c0186417060e793cde8496660642616b') in 0.028041 seconds
Number of updated asset objects reloaded before import = 0
Number of asset objects unloaded after import = 9
========================================================================
Received Import Request.
  Time since last request: 0.000040 seconds.
  path: Assets/Models/Standard/pillar_small_top.fbx
  artifactKey: Guid(80ebde7c5730548be97bc91949df3922) Importer(815301076,1909f56bfc062723c751e8b465ee728b)
Start importing Assets/Models/Standard/pillar_small_top.fbx using Guid(80ebde7c5730548be97bc91949df3922) Importer(815301076,1909f56bfc062723c751e8b465ee728b)  -> (artifact id: 'a9f0542f8c3113f0a600ac0e0522b5e5') in 0.020361 seconds
Number of updated asset objects reloaded before import = 0
Number of asset objects unloaded after import = 9
========================================================================
Received Import Request.
  Time since last request: 0.000018 seconds.
  path: Assets/Models/Standard/stone_head_01.fbx
  artifactKey: Guid(3d20e15dc06b74dce8c71fd6f27cb068) Importer(815301076,1909f56bfc062723c751e8b465ee728b)
Start importing Assets/Models/Standard/stone_head_01.fbx using Guid(3d20e15dc06b74dce8c71fd6f27cb068) Importer(815301076,1909f56bfc062723c751e8b465ee728b)  -> (artifact id: '25038f403e65f517f75335b82279c91d') in 0.018795 seconds
Number of updated asset objects reloaded before import = 0
Number of asset objects unloaded after import = 9
========================================================================
Received Import Request.
  Time since last request: 0.000024 seconds.
  path: Assets/Models/Standard/wall_corner_concave.fbx
  artifactKey: Guid(36f9e8e55a47340c588f1fb261d7df7f) Importer(815301076,1909f56bfc062723c751e8b465ee728b)
Start importing Assets/Models/Standard/wall_corner_concave.fbx using Guid(36f9e8e55a47340c588f1fb261d7df7f) Importer(815301076,1909f56bfc062723c751e8b465ee728b)  -> (artifact id: 'e028de872af968f37a41968ff488b002') in 0.115064 seconds
Number of updated asset objects reloaded before import = 0
Number of asset objects unloaded after import = 9
========================================================================
Received Import Request.
  Time since last request: 0.000021 seconds.
  path: Assets/Models/Mobile/mobile_step_wall_02.fbx
  artifactKey: Guid(14828eb8497b1408c94a50209dcf85ff) Importer(815301076,1909f56bfc062723c751e8b465ee728b)
Start importing Assets/Models/Mobile/mobile_step_wall_02.fbx using Guid(14828eb8497b1408c94a50209dcf85ff) Importer(815301076,1909f56bfc062723c751e8b465ee728b)  -> (artifact id: 'cf74dd7bfb565f05e487a94ea200a08e') in 0.023005 seconds
Number of updated asset objects reloaded before import = 0
Number of asset objects unloaded after import = 9
========================================================================
Received Import Request.
  Time since last request: 0.000020 seconds.
  path: Assets/Models/Standard/step_wall_corner_concave.fbx
  artifactKey: Guid(2b5891e84cddc409c85a645169b339d5) Importer(815301076,1909f56bfc062723c751e8b465ee728b)
Start importing Assets/Models/Standard/step_wall_corner_concave.fbx using Guid(2b5891e84cddc409c85a645169b339d5) Importer(815301076,1909f56bfc062723c751e8b465ee728b)  -> (artifact id: 'f8a942ec02faace94b62e7aa51bfe8d0') in 0.019036 seconds
Number of updated asset objects reloaded before import = 0
Number of asset objects unloaded after import = 9
========================================================================
Received Import Request.
  Time since last request: 0.000023 seconds.
  path: Assets/Models/Mobile/mobile_step_wall_01.fbx
  artifactKey: Guid(44bd6663e1ab342e382c41050ca3069f) Importer(815301076,1909f56bfc062723c751e8b465ee728b)
Start importing Assets/Models/Mobile/mobile_step_wall_01.fbx using Guid(44bd6663e1ab342e382c41050ca3069f) Importer(815301076,1909f56bfc062723c751e8b465ee728b)  -> (artifact id: '716b20680a7814635b067e1cd65f5e38') in 0.019188 seconds
Number of updated asset objects reloaded before import = 0
Number of asset objects unloaded after import = 9
========================================================================
Received Import Request.
  Time since last request: 0.000029 seconds.
  path: Assets/Models/Standard/wood_plank_02.fbx
  artifactKey: Guid(dc28716fc822245bea0ef52f62e62677) Importer(815301076,1909f56bfc062723c751e8b465ee728b)
Start importing Assets/Models/Standard/wood_plank_02.fbx using Guid(dc28716fc822245bea0ef52f62e62677) Importer(815301076,1909f56bfc062723c751e8b465ee728b)  -> (artifact id: 'c252f7dae6a32b8921ad0f715d07d519') in 0.018861 seconds
Number of updated asset objects reloaded before import = 0
Number of asset objects unloaded after import = 9
========================================================================
Received Import Request.
  Time since last request: 0.000015 seconds.
  path: Assets/Models/Standard/pillar_02.fbx
  artifactKey: Guid(527b36b96fabb4dbcaf623f262601f3d) Importer(815301076,1909f56bfc062723c751e8b465ee728b)
Start importing Assets/Models/Standard/pillar_02.fbx using Guid(527b36b96fabb4dbcaf623f262601f3d) Importer(815301076,1909f56bfc062723c751e8b465ee728b)  -> (artifact id: '110087218108fd8a11ba57643c00c31f') in 0.018810 seconds
Number of updated asset objects reloaded before import = 0
Number of asset objects unloaded after import = 9
========================================================================
Received Import Request.
  Time since last request: 0.000022 seconds.
  path: Assets/Models/Mobile/mobile_wall_01.fbx
  artifactKey: Guid(7ad42861be7c24b1fb9c8a874fff9133) Importer(815301076,1909f56bfc062723c751e8b465ee728b)
Start importing Assets/Models/Mobile/mobile_wall_01.fbx using Guid(7ad42861be7c24b1fb9c8a874fff9133) Importer(815301076,1909f56bfc062723c751e8b465ee728b)  -> (artifact id: 'c8f82ba55ebcfff59fbb417058d7b183') in 0.019764 seconds
Number of updated asset objects reloaded before import = 0
Number of asset objects unloaded after import = 9
========================================================================
Received Import Request.
  Time since last request: 0.000021 seconds.
  path: Assets/Models/Mobile/mobile_wall_corner_x.fbx
  artifactKey: Guid(48f8b818b26804261b109fdc027add74) Importer(815301076,1909f56bfc062723c751e8b465ee728b)
Start importing Assets/Models/Mobile/mobile_wall_corner_x.fbx using Guid(48f8b818b26804261b109fdc027add74) Importer(815301076,1909f56bfc062723c751e8b465ee728b)  -> (artifact id: 'e314e4089d47078e492a2ac0c826e69f') in 0.017043 seconds
Number of updated asset objects reloaded before import = 0
Number of asset objects unloaded after import = 9
========================================================================
Received Import Request.
  Time since last request: 0.000020 seconds.
  path: Assets/Models/Standard/pole_04.fbx
  artifactKey: Guid(45768e427137b480aa9a0b7989e987aa) Importer(815301076,1909f56bfc062723c751e8b465ee728b)
Start importing Assets/Models/Standard/pole_04.fbx using Guid(45768e427137b480aa9a0b7989e987aa) Importer(815301076,1909f56bfc062723c751e8b465ee728b)  -> (artifact id: '37fc2dc1a273590974bc3a641b17d739') in 0.022131 seconds
Number of updated asset objects reloaded before import = 0
Number of asset objects unloaded after import = 9
========================================================================
Received Import Request.
  Time since last request: 0.000023 seconds.
  path: Assets/Models/Standard/scaffolding_03.fbx
  artifactKey: Guid(41f57b54cba924c4887ef9a33446f65f) Importer(815301076,1909f56bfc062723c751e8b465ee728b)
Start importing Assets/Models/Standard/scaffolding_03.fbx using Guid(41f57b54cba924c4887ef9a33446f65f) Importer(815301076,1909f56bfc062723c751e8b465ee728b)  -> (artifact id: '01108da14838a41e17ff8d436e110a85') in 0.024893 seconds
Number of updated asset objects reloaded before import = 0
Number of asset objects unloaded after import = 9
========================================================================
Received Import Request.
  Time since last request: 0.000019 seconds.
  path: Assets/Models/Standard/wood_plank_01.fbx
  artifactKey: Guid(fde914d25fb714558bccd3ba96a70b38) Importer(815301076,1909f56bfc062723c751e8b465ee728b)
Start importing Assets/Models/Standard/wood_plank_01.fbx using Guid(fde914d25fb714558bccd3ba96a70b38) Importer(815301076,1909f56bfc062723c751e8b465ee728b)  -> (artifact id: '15036433f6c59fbd0c9f6afbc9f549ac') in 0.024055 seconds
Number of updated asset objects reloaded before import = 0
Number of asset objects unloaded after import = 9
========================================================================
Received Import Request.
  Time since last request: 0.000019 seconds.
  path: Assets/Models/Mobile/mobile_wall_corner_convex.fbx
  artifactKey: Guid(90783014a5ec54329a4151ef80d43ddf) Importer(815301076,1909f56bfc062723c751e8b465ee728b)
Start importing Assets/Models/Mobile/mobile_wall_corner_convex.fbx using Guid(90783014a5ec54329a4151ef80d43ddf) Importer(815301076,1909f56bfc062723c751e8b465ee728b)  -> (artifact id: 'c355082766fddbcaf222add2b55a7f49') in 0.021600 seconds
Number of updated asset objects reloaded before import = 0
Number of asset objects unloaded after import = 9
========================================================================
Received Import Request.
  Time since last request: 0.000020 seconds.
  path: Assets/Models/Standard/step_wall_corner_convex_b.fbx
  artifactKey: Guid(530d5b07910a3486ba24d9c0fa061dde) Importer(815301076,1909f56bfc062723c751e8b465ee728b)
Start importing Assets/Models/Standard/step_wall_corner_convex_b.fbx using Guid(530d5b07910a3486ba24d9c0fa061dde) Importer(815301076,1909f56bfc062723c751e8b465ee728b)  -> (artifact id: '0ab04f68328875236856615bde16af0a') in 0.021731 seconds
Number of updated asset objects reloaded before import = 0
Number of asset objects unloaded after import = 9
========================================================================
Received Import Request.
  Time since last request: 0.000016 seconds.
  path: Assets/Models/Mobile/mobile_step_wall_corner_convex_b.fbx
  artifactKey: Guid(8e7c736209bbe448a86e687d55c0d679) Importer(815301076,1909f56bfc062723c751e8b465ee728b)
Start importing Assets/Models/Mobile/mobile_step_wall_corner_convex_b.fbx using Guid(8e7c736209bbe448a86e687d55c0d679) Importer(815301076,1909f56bfc062723c751e8b465ee728b)  -> (artifact id: '1aa33ba812862880136562359f1c8210') in 0.022040 seconds
Number of updated asset objects reloaded before import = 0
Number of asset objects unloaded after import = 9
========================================================================
Received Import Request.
  Time since last request: 0.000020 seconds.
  path: Assets/Models/Standard/wall_02.fbx
  artifactKey: Guid(16168619851e64fc5975ecc5299dc7f1) Importer(815301076,1909f56bfc062723c751e8b465ee728b)
Start importing Assets/Models/Standard/wall_02.fbx using Guid(16168619851e64fc5975ecc5299dc7f1) Importer(815301076,1909f56bfc062723c751e8b465ee728b)  -> (artifact id: 'c998df08e0958076b7857553e546bae0') in 0.021900 seconds
Number of updated asset objects reloaded before import = 0
Number of asset objects unloaded after import = 9
========================================================================
Received Import Request.
  Time since last request: 0.000032 seconds.
  path: Assets/Models/Standard/skull_02.fbx
  artifactKey: Guid(4ee01bb4783c84bf18a252d910b2c196) Importer(815301076,1909f56bfc062723c751e8b465ee728b)
Start importing Assets/Models/Standard/skull_02.fbx using Guid(4ee01bb4783c84bf18a252d910b2c196) Importer(815301076,1909f56bfc062723c751e8b465ee728b)  -> (artifact id: '2bc268606ea01c5106a45f9a555b9684') in 0.023117 seconds
Number of updated asset objects reloaded before import = 0
Number of asset objects unloaded after import = 9
========================================================================
Received Import Request.
  Time since last request: 0.000216 seconds.
  path: Assets/Models/Standard/rocks_03.fbx
  artifactKey: Guid(396c6808e42944d3db6240a6fac4b165) Importer(815301076,1909f56bfc062723c751e8b465ee728b)
Start importing Assets/Models/Standard/rocks_03.fbx using Guid(396c6808e42944d3db6240a6fac4b165) Importer(815301076,1909f56bfc062723c751e8b465ee728b)  -> (artifact id: '0ee8109aa988c4efdbcaa8413fe52f77') in 0.031370 seconds
Number of updated asset objects reloaded before import = 0
Number of asset objects unloaded after import = 9
========================================================================
Received Import Request.
  Time since last request: 0.000019 seconds.
  path: Assets/Models/Standard/pole_06.fbx
  artifactKey: Guid(edfc11aed90274bf1b76fe65bd46fe83) Importer(815301076,1909f56bfc062723c751e8b465ee728b)
Start importing Assets/Models/Standard/pole_06.fbx using Guid(edfc11aed90274bf1b76fe65bd46fe83) Importer(815301076,1909f56bfc062723c751e8b465ee728b)  -> (artifact id: 'f1fbc9e7698c6c94e716194772d3f41a') in 0.021829 seconds
Number of updated asset objects reloaded before import = 0
Number of asset objects unloaded after import = 9
Editor requested this worker to shutdown with reason: Scaling down because of idle timeout
TcpMessagingSession - receive error: operation aborted. errorcode: 995, details: The I/O operation has been aborted because of either a thread exit or an application request.
AssetImportWorker is now disconnected from the server
Process exiting
Exiting without the bug reporter. Application will terminate with return code 0