Using pre-set license
Built from '2022.3/release' branch; Version is '2022.3.5f1 (9674261d40ee) revision 9860134'; Using compiler version '192829333'; Build Type 'Release'
OS: 'Windows 11  (10.0.22621) 64bit Professional' Language: 'en' Physical Memory: 16275 MB
BatchMode: 1, IsHumanControllingUs: 0, StartBugReporterOnCrash: 0, Is64bit: 1, IsPro: 1

COMMAND LINE ARGUMENTS:
C:\Program Files\Unity\Hub\Editor\2022.3.5f1\Editor\Unity.exe
-adb2
-batchMode
-noUpm
-name
AssetImportWorker1
-projectPath
C:/Users/g00287035/Documents/GitHub/08-lightingsound-cvalentine25
-logFile
Logs/AssetImportWorker1.log
-srvPort
50717
Successfully changed project path to: C:/Users/g00287035/Documents/GitHub/08-lightingsound-cvalentine25
C:/Users/g00287035/Documents/GitHub/08-lightingsound-cvalentine25
[UnityMemory] Configuration Parameters - Can be set up in boot.config
    "memorysetup-bucket-allocator-granularity=16"
    "memorysetup-bucket-allocator-bucket-count=8"
    "memorysetup-bucket-allocator-block-size=33554432"
    "memorysetup-bucket-allocator-block-count=8"
    "memorysetup-main-allocator-block-size=16777216"
    "memorysetup-thread-allocator-block-size=16777216"
    "memorysetup-gfx-main-allocator-block-size=16777216"
    "memorysetup-gfx-thread-allocator-block-size=16777216"
    "memorysetup-cache-allocator-block-size=4194304"
    "memorysetup-typetree-allocator-block-size=2097152"
    "memorysetup-profiler-bucket-allocator-granularity=16"
    "memorysetup-profiler-bucket-allocator-bucket-count=8"
    "memorysetup-profiler-bucket-allocator-block-size=33554432"
    "memorysetup-profiler-bucket-allocator-block-count=8"
    "memorysetup-profiler-allocator-block-size=16777216"
    "memorysetup-profiler-editor-allocator-block-size=1048576"
    "memorysetup-temp-allocator-size-main=16777216"
    "memorysetup-job-temp-allocator-block-size=2097152"
    "memorysetup-job-temp-allocator-block-size-background=1048576"
    "memorysetup-job-temp-allocator-reduction-small-platforms=262144"
    "memorysetup-allocator-temp-initial-block-size-main=262144"
    "memorysetup-allocator-temp-initial-block-size-worker=262144"
    "memorysetup-temp-allocator-size-background-worker=32768"
    "memorysetup-temp-allocator-size-job-worker=262144"
    "memorysetup-temp-allocator-size-preload-manager=33554432"
    "memorysetup-temp-allocator-size-nav-mesh-worker=65536"
    "memorysetup-temp-allocator-size-audio-worker=65536"
    "memorysetup-temp-allocator-size-cloud-worker=32768"
    "memorysetup-temp-allocator-size-gi-baking-worker=262144"
    "memorysetup-temp-allocator-size-gfx=262144"
Player connection [12636] Host "[IP] 172.25.69.131 [Port] 0 [Flags] 2 [Guid] 12622428 [EditorId] 12622428 [Version] 1048832 [Id] WindowsEditor(7,W213-18) [Debug] 1 [PackageName] WindowsEditor [ProjectName] Editor" joined multi-casting on [225.0.0.222:54997]...

Player connection [12636] Host "[IP] 172.25.69.131 [Port] 0 [Flags] 2 [Guid] 12622428 [EditorId] 12622428 [Version] 1048832 [Id] WindowsEditor(7,W213-18) [Debug] 1 [PackageName] WindowsEditor [ProjectName] Editor" joined alternative multi-casting on [225.0.0.222:34997]...

Refreshing native plugins compatible for Editor in 1.09 ms, found 0 plugins.
Preloading 0 native plugins for Editor in 0.00 ms.
Initialize engine version: 2022.3.5f1 (9674261d40ee)
[Subsystems] Discovering subsystems at path C:/Program Files/Unity/Hub/Editor/2022.3.5f1/Editor/Data/Resources/UnitySubsystems
[Subsystems] Discovering subsystems at path C:/Users/g00287035/Documents/GitHub/08-lightingsound-cvalentine25/Assets
GfxDevice: creating device client; threaded=0; jobified=0
Direct3D:
    Version:  Direct3D 11.0 [level 11.1]
    Renderer: NVIDIA GeForce GTX 1060 6GB (ID=0x1c03)
    Vendor:   NVIDIA
    VRAM:     6052 MB
    Driver:   27.21.14.5751
Initialize mono
Mono path[0] = 'C:/Program Files/Unity/Hub/Editor/2022.3.5f1/Editor/Data/Managed'
Mono path[1] = 'C:/Program Files/Unity/Hub/Editor/2022.3.5f1/Editor/Data/MonoBleedingEdge/lib/mono/unityjit-win32'
Mono config path = 'C:/Program Files/Unity/Hub/Editor/2022.3.5f1/Editor/Data/MonoBleedingEdge/etc'
Using monoOptions --debugger-agent=transport=dt_socket,embedding=1,server=y,suspend=n,address=127.0.0.1:56008
Begin MonoManager ReloadAssembly
Registering precompiled unity dll's ...
Register platform support module: C:/Program Files/Unity/Hub/Editor/2022.3.5f1/Editor/Data/PlaybackEngines/WebGLSupport/UnityEditor.WebGL.Extensions.dll
Register platform support module: C:/Program Files/Unity/Hub/Editor/2022.3.5f1/Editor/Data/PlaybackEngines/iOSSupport/UnityEditor.iOS.Extensions.dll
Register platform support module: C:/Program Files/Unity/Hub/Editor/2022.3.5f1/Editor/Data/PlaybackEngines/WindowsStandaloneSupport/UnityEditor.WindowsStandalone.Extensions.dll
Register platform support module: C:/Program Files/Unity/Hub/Editor/2022.3.5f1/Editor/Data/PlaybackEngines/MetroSupport/UnityEditor.UWP.Extensions.dll
Registered in 0.015055 seconds.
- Loaded All Assemblies, in  0.489 seconds
Native extension for UWP target not found
Native extension for WindowsStandalone target not found
[usbmuxd] Start listen thread
[usbmuxd] Listen thread started
Native extension for iOS target not found
Native extension for WebGL target not found
Mono: successfully reloaded assembly
- Finished resetting the current domain, in  0.376 seconds
Domain Reload Profiling: 862ms
	BeginReloadAssembly (130ms)
		ExecutionOrderSort (0ms)
		DisableScriptedObjects (0ms)
		BackupInstance (0ms)
		ReleaseScriptingObjects (0ms)
		CreateAndSetChildDomain (1ms)
	RebuildCommonClasses (56ms)
	RebuildNativeTypeToScriptingClass (17ms)
	initialDomainReloadingComplete (89ms)
	LoadAllAssembliesAndSetupDomain (193ms)
		LoadAssemblies (127ms)
		RebuildTransferFunctionScriptingTraits (0ms)
		AnalyzeDomain (184ms)
			TypeCache.Refresh (183ms)
				TypeCache.ScanAssembly (166ms)
			ScanForSourceGeneratedMonoScriptInfo (1ms)
			ResolveRequiredComponents (1ms)
	FinalizeReload (376ms)
		ReleaseScriptCaches (0ms)
		RebuildScriptCaches (0ms)
		SetupLoadedEditorAssemblies (290ms)
			LogAssemblyErrors (0ms)
			InitializePlatformSupportModulesInManaged (40ms)
			SetLoadedEditorAssemblies (8ms)
			RefreshPlugins (0ms)
			BeforeProcessingInitializeOnLoad (3ms)
			ProcessInitializeOnLoadAttributes (177ms)
			ProcessInitializeOnLoadMethodAttributes (62ms)
			AfterProcessingInitializeOnLoad (0ms)
			EditorAssembliesLoaded (0ms)
		ExecutionOrderSort2 (0ms)
		AwakeInstancesAfterBackupRestoration (0ms)
========================================================================
Worker process is ready to serve import requests
Begin MonoManager ReloadAssembly
- Loaded All Assemblies, in  0.580 seconds
Refreshing native plugins compatible for Editor in 0.43 ms, found 0 plugins.
Native extension for UWP target not found
Native extension for WindowsStandalone target not found
Native extension for iOS target not found
Native extension for WebGL target not found
Mono: successfully reloaded assembly
- Finished resetting the current domain, in  0.423 seconds
Domain Reload Profiling: 1000ms
	BeginReloadAssembly (164ms)
		ExecutionOrderSort (0ms)
		DisableScriptedObjects (6ms)
		BackupInstance (0ms)
		ReleaseScriptingObjects (0ms)
		CreateAndSetChildDomain (26ms)
	RebuildCommonClasses (44ms)
	RebuildNativeTypeToScriptingClass (15ms)
	initialDomainReloadingComplete (52ms)
	LoadAllAssembliesAndSetupDomain (302ms)
		LoadAssemblies (203ms)
		RebuildTransferFunctionScriptingTraits (0ms)
		AnalyzeDomain (177ms)
			TypeCache.Refresh (168ms)
				TypeCache.ScanAssembly (157ms)
			ScanForSourceGeneratedMonoScriptInfo (6ms)
			ResolveRequiredComponents (3ms)
	FinalizeReload (423ms)
		ReleaseScriptCaches (0ms)
		RebuildScriptCaches (0ms)
		SetupLoadedEditorAssemblies (269ms)
			LogAssemblyErrors (0ms)
			InitializePlatformSupportModulesInManaged (30ms)
			SetLoadedEditorAssemblies (4ms)
			RefreshPlugins (0ms)
			BeforeProcessingInitializeOnLoad (47ms)
			ProcessInitializeOnLoadAttributes (147ms)
			ProcessInitializeOnLoadMethodAttributes (34ms)
			AfterProcessingInitializeOnLoad (7ms)
			EditorAssembliesLoaded (0ms)
		ExecutionOrderSort2 (0ms)
		AwakeInstancesAfterBackupRestoration (8ms)
Launched and connected shader compiler UnityShaderCompiler.exe after 0.06 seconds
Refreshing native plugins compatible for Editor in 0.61 ms, found 0 plugins.
Preloading 0 native plugins for Editor in 0.00 ms.
Unloading 1162 Unused Serialized files (Serialized files now loaded: 0)
Unloading 23 unused Assets / (1.3 MB). Loaded Objects now: 1626.
Memory consumption went from 88.1 MB to 86.8 MB.
Total: 4.185000 ms (FindLiveObjects: 0.147200 ms CreateObjectMapping: 0.073300 ms MarkObjects: 3.612000 ms  DeleteObjects: 0.351600 ms)

AssetImportParameters requested are different than current active one (requested -> active):
  custom:video-encoder-webm-vp8: eb34c28f22e8b96e1ab97ce403110664 -> 
  custom:video-decoder-webm-vp8: 9c59270c3fd7afecdb556c50c9e8de78 -> 
  custom:audio-decoder-ogg-vorbis: bf7c407c2cedff20999df2af8eb42d56 -> 
  custom:container-demuxer-ogg: 62fdf1f143b41e24485cea50d1cbac27 -> 
  custom:AudioImporter_EditorPlatform: d09bf68614088b80899f8185d706f6e7 -> 
  custom:CustomObjectIndexerAttribute: 756ad292c208cfabdd7b50bc23989ffe -> 
  custom:container-demuxer-webm: 4f35f7cbe854078d1ac9338744f61a02 -> 
  custom:video-codec-MediaFoundation-h265: 746d11721c4dcdbdad8f713fa42b33f4 -> 
  custom:video-decoder-ogg-theora: a1e56fd34408186e4bbccfd4996cb3dc -> 
  custom:audio-encoder-webm-vorbis: bf7c407c2cedff20999df2af8eb42d56 -> 
  custom:framework-win-MediaFoundation: 216162199b28c13a410421893ffa2e32 -> 
  custom:container-muxer-webm: aa71ff27fc2769a1b78a27578f13a17b -> 
========================================================================
Received Import Request.
  Time since last request: 8572.548242 seconds.
  path: Assets/Suonds
  artifactKey: Guid(49cde5506bb3f0d46b652bb943363c25) Importer(815301076,1909f56bfc062723c751e8b465ee728b)
Start importing Assets/Suonds using Guid(49cde5506bb3f0d46b652bb943363c25) Importer(815301076,1909f56bfc062723c751e8b465ee728b)  -> (artifact id: 'dfca135322b57a36a32a91e1cd3b3e46') in 0.003886 seconds
Number of updated asset objects reloaded before import = 0
Number of asset objects unloaded after import = 0
========================================================================
Received Prepare
Begin MonoManager ReloadAssembly
- Loaded All Assemblies, in  1.534 seconds
Refreshing native plugins compatible for Editor in 0.67 ms, found 0 plugins.
Native extension for UWP target not found
Native extension for WindowsStandalone target not found
Native extension for iOS target not found
Native extension for WebGL target not found
[ScriptCompilation] NOT recompiling all scripts because this is an import worker process. Reason to compile was: Define symbols changed
System.ArgumentException: There is no a valid NamedBuildTarget for BuildTargetGroup 'PSM'
  at UnityEditor.Build.NamedBuildTarget.FromBuildTargetGroup (UnityEditor.BuildTargetGroup buildTargetGroup) [0x00159] in <bf6080dbf0564cf1b405dfd6e0dac725>:0 
  at UnityEditor.PlayerSettings.GetScriptingDefineSymbolsForGroup (UnityEditor.BuildTargetGroup targetGroup) [0x00000] in <bf6080dbf0564cf1b405dfd6e0dac725>:0 
  at UnityStandardAssets.CrossPlatformInput.Inspector.CrossPlatformInitialize.GetDefinesList (UnityEditor.BuildTargetGroup group) [0x00000] in C:\Users\g00287035\Documents\GitHub\08-lightingsound-cvalentine25\Assets\Standard Assets\Editor\CrossPlatformInput\CrossPlatformInputInitialize.cs:134 
  at UnityStandardAssets.CrossPlatformInput.Inspector.CrossPlatformInitialize.SetEnabled (System.String defineName, System.Boolean enable, System.Boolean mobile) [0x00018] in C:\Users\g00287035\Documents\GitHub\08-lightingsound-cvalentine25\Assets\Standard Assets\Editor\CrossPlatformInput\CrossPlatformInputInitialize.cs:106 
  at UnityStandardAssets.CrossPlatformInput.Inspector.CrossPlatformInitialize..cctor () [0x00050] in C:\Users\g00287035\Documents\GitHub\08-lightingsound-cvalentine25\Assets\Standard Assets\Editor\CrossPlatformInput\CrossPlatformInputInitialize.cs:22 
UnityEngine.StackTraceUtility:ExtractStackTrace ()
UnityEngine.DebugLogHandler:LogFormat (UnityEngine.LogType,UnityEngine.Object,string,object[])
UnityEngine.Logger:Log (UnityEngine.LogType,object)
UnityEngine.Debug:LogError (object)
UnityEditor.EditorAssemblies:ProcessInitializeOnLoadAttributes (System.Type[])

Mono: successfully reloaded assembly
- Finished resetting the current domain, in  0.885 seconds
Domain Reload Profiling: 2414ms
	BeginReloadAssembly (322ms)
		ExecutionOrderSort (0ms)
		DisableScriptedObjects (14ms)
		BackupInstance (0ms)
		ReleaseScriptingObjects (0ms)
		CreateAndSetChildDomain (120ms)
	RebuildCommonClasses (71ms)
	RebuildNativeTypeToScriptingClass (24ms)
	initialDomainReloadingComplete (57ms)
	LoadAllAssembliesAndSetupDomain (1055ms)
		LoadAssemblies (929ms)
		RebuildTransferFunctionScriptingTraits (0ms)
		AnalyzeDomain (237ms)
			TypeCache.Refresh (225ms)
				TypeCache.ScanAssembly (208ms)
			ScanForSourceGeneratedMonoScriptInfo (5ms)
			ResolveRequiredComponents (7ms)
	FinalizeReload (886ms)
		ReleaseScriptCaches (0ms)
		RebuildScriptCaches (0ms)
		SetupLoadedEditorAssemblies (431ms)
			LogAssemblyErrors (0ms)
			InitializePlatformSupportModulesInManaged (25ms)
			SetLoadedEditorAssemblies (4ms)
			RefreshPlugins (0ms)
			BeforeProcessingInitializeOnLoad (55ms)
			ProcessInitializeOnLoadAttributes (302ms)
			ProcessInitializeOnLoadMethodAttributes (34ms)
			AfterProcessingInitializeOnLoad (12ms)
			EditorAssembliesLoaded (0ms)
		ExecutionOrderSort2 (0ms)
		AwakeInstancesAfterBackupRestoration (18ms)
Shader 'Toon/Lit Outline': fallback shader 'Toon/Lit' not found
WARNING: Shader Unsupported: 'Toon/Lit Outline' - All subshaders removed
WARNING: Shader Did you use #pragma only_renderers and omit this platform?
WARNING: Shader If subshaders removal was intentional, you may have forgotten turning Fallback off?
WARNING: Shader Unsupported: 'Toon/Lit Outline' - All subshaders removed
WARNING: Shader Did you use #pragma only_renderers and omit this platform?
WARNING: Shader If subshaders removal was intentional, you may have forgotten turning Fallback off?
Refreshing native plugins compatible for Editor in 0.63 ms, found 0 plugins.
Preloading 0 native plugins for Editor in 0.00 ms.
Unloading 1201 Unused Serialized files (Serialized files now loaded: 0)
Unloading 34 unused Assets / (4.1 MB). Loaded Objects now: 1703.
Memory consumption went from 86.8 MB to 82.8 MB.
Total: 6.042200 ms (FindLiveObjects: 0.153500 ms CreateObjectMapping: 0.087800 ms MarkObjects: 3.345000 ms  DeleteObjects: 2.453700 ms)

Prepare: number of updated asset objects reloaded= 0
AssetImportParameters requested are different than current active one (requested -> active):
  custom:video-encoder-webm-vp8: eb34c28f22e8b96e1ab97ce403110664 -> 
  custom:video-decoder-webm-vp8: 9c59270c3fd7afecdb556c50c9e8de78 -> 
  custom:audio-decoder-ogg-vorbis: bf7c407c2cedff20999df2af8eb42d56 -> 
  custom:container-demuxer-ogg: 62fdf1f143b41e24485cea50d1cbac27 -> 
  custom:AudioImporter_EditorPlatform: d09bf68614088b80899f8185d706f6e7 -> 
  custom:CustomObjectIndexerAttribute: 756ad292c208cfabdd7b50bc23989ffe -> 
  custom:container-demuxer-webm: 4f35f7cbe854078d1ac9338744f61a02 -> 
  custom:video-codec-MediaFoundation-h265: 746d11721c4dcdbdad8f713fa42b33f4 -> 
  custom:video-decoder-ogg-theora: a1e56fd34408186e4bbccfd4996cb3dc -> 
  custom:audio-encoder-webm-vorbis: bf7c407c2cedff20999df2af8eb42d56 -> 
  custom:framework-win-MediaFoundation: 216162199b28c13a410421893ffa2e32 -> 
  custom:container-muxer-webm: aa71ff27fc2769a1b78a27578f13a17b -> 
========================================================================
Received Prepare
Begin MonoManager ReloadAssembly
- Loaded All Assemblies, in  0.607 seconds
Refreshing native plugins compatible for Editor in 0.61 ms, found 0 plugins.
Native extension for UWP target not found
Native extension for WindowsStandalone target not found
Native extension for iOS target not found
Native extension for WebGL target not found
[ScriptCompilation] NOT recompiling all scripts because this is an import worker process. Reason to compile was: Define symbols changed
System.ArgumentException: There is no a valid NamedBuildTarget for BuildTargetGroup 'PSM'
  at UnityEditor.Build.NamedBuildTarget.FromBuildTargetGroup (UnityEditor.BuildTargetGroup buildTargetGroup) [0x00159] in <bf6080dbf0564cf1b405dfd6e0dac725>:0 
  at UnityEditor.PlayerSettings.GetScriptingDefineSymbolsForGroup (UnityEditor.BuildTargetGroup targetGroup) [0x00000] in <bf6080dbf0564cf1b405dfd6e0dac725>:0 
  at UnityStandardAssets.CrossPlatformInput.Inspector.CrossPlatformInitialize.GetDefinesList (UnityEditor.BuildTargetGroup group) [0x00000] in C:\Users\g00287035\Documents\GitHub\08-lightingsound-cvalentine25\Assets\Standard Assets\Editor\CrossPlatformInput\CrossPlatformInputInitialize.cs:134 
  at UnityStandardAssets.CrossPlatformInput.Inspector.CrossPlatformInitialize.SetEnabled (System.String defineName, System.Boolean enable, System.Boolean mobile) [0x00018] in C:\Users\g00287035\Documents\GitHub\08-lightingsound-cvalentine25\Assets\Standard Assets\Editor\CrossPlatformInput\CrossPlatformInputInitialize.cs:106 
  at UnityStandardAssets.CrossPlatformInput.Inspector.CrossPlatformInitialize..cctor () [0x00050] in C:\Users\g00287035\Documents\GitHub\08-lightingsound-cvalentine25\Assets\Standard Assets\Editor\CrossPlatformInput\CrossPlatformInputInitialize.cs:22 
UnityEngine.StackTraceUtility:ExtractStackTrace ()
UnityEngine.DebugLogHandler:LogFormat (UnityEngine.LogType,UnityEngine.Object,string,object[])
UnityEngine.Logger:Log (UnityEngine.LogType,object)
UnityEngine.Debug:LogError (object)
UnityEditor.EditorAssemblies:ProcessInitializeOnLoadAttributes (System.Type[])

Mono: successfully reloaded assembly
- Finished resetting the current domain, in  0.760 seconds
Domain Reload Profiling: 1365ms
	BeginReloadAssembly (169ms)
		ExecutionOrderSort (0ms)
		DisableScriptedObjects (11ms)
		BackupInstance (0ms)
		ReleaseScriptingObjects (0ms)
		CreateAndSetChildDomain (26ms)
	RebuildCommonClasses (46ms)
	RebuildNativeTypeToScriptingClass (18ms)
	initialDomainReloadingComplete (30ms)
	LoadAllAssembliesAndSetupDomain (341ms)
		LoadAssemblies (223ms)
		RebuildTransferFunctionScriptingTraits (0ms)
		AnalyzeDomain (208ms)
			TypeCache.Refresh (199ms)
				TypeCache.ScanAssembly (189ms)
			ScanForSourceGeneratedMonoScriptInfo (6ms)
			ResolveRequiredComponents (4ms)
	FinalizeReload (760ms)
		ReleaseScriptCaches (0ms)
		RebuildScriptCaches (0ms)
		SetupLoadedEditorAssemblies (433ms)
			LogAssemblyErrors (0ms)
			InitializePlatformSupportModulesInManaged (62ms)
			SetLoadedEditorAssemblies (6ms)
			RefreshPlugins (0ms)
			BeforeProcessingInitializeOnLoad (86ms)
			ProcessInitializeOnLoadAttributes (231ms)
			ProcessInitializeOnLoadMethodAttributes (40ms)
			AfterProcessingInitializeOnLoad (8ms)
			EditorAssembliesLoaded (0ms)
		ExecutionOrderSort2 (0ms)
		AwakeInstancesAfterBackupRestoration (7ms)
Refreshing native plugins compatible for Editor in 0.60 ms, found 0 plugins.
Preloading 0 native plugins for Editor in 0.00 ms.
Unloading 1201 Unused Serialized files (Serialized files now loaded: 0)
Unloading 34 unused Assets / (4.1 MB). Loaded Objects now: 1706.
Memory consumption went from 86.9 MB to 82.8 MB.
Total: 5.727100 ms (FindLiveObjects: 0.124000 ms CreateObjectMapping: 0.049400 ms MarkObjects: 3.353800 ms  DeleteObjects: 2.198800 ms)

Prepare: number of updated asset objects reloaded= 0
AssetImportParameters requested are different than current active one (requested -> active):
  custom:video-encoder-webm-vp8: eb34c28f22e8b96e1ab97ce403110664 -> 
  custom:video-decoder-webm-vp8: 9c59270c3fd7afecdb556c50c9e8de78 -> 
  custom:audio-decoder-ogg-vorbis: bf7c407c2cedff20999df2af8eb42d56 -> 
  custom:container-demuxer-ogg: 62fdf1f143b41e24485cea50d1cbac27 -> 
  custom:AudioImporter_EditorPlatform: d09bf68614088b80899f8185d706f6e7 -> 
  custom:CustomObjectIndexerAttribute: 756ad292c208cfabdd7b50bc23989ffe -> 
  custom:container-demuxer-webm: 4f35f7cbe854078d1ac9338744f61a02 -> 
  custom:video-codec-MediaFoundation-h265: 746d11721c4dcdbdad8f713fa42b33f4 -> 
  custom:video-decoder-ogg-theora: a1e56fd34408186e4bbccfd4996cb3dc -> 
  custom:audio-encoder-webm-vorbis: bf7c407c2cedff20999df2af8eb42d56 -> 
  custom:framework-win-MediaFoundation: 216162199b28c13a410421893ffa2e32 -> 
  custom:container-muxer-webm: aa71ff27fc2769a1b78a27578f13a17b -> 
========================================================================
Received Prepare
Begin MonoManager ReloadAssembly
- Loaded All Assemblies, in  0.534 seconds
Refreshing native plugins compatible for Editor in 0.43 ms, found 0 plugins.
Native extension for UWP target not found
Native extension for WindowsStandalone target not found
Native extension for iOS target not found
Native extension for WebGL target not found
[ScriptCompilation] NOT recompiling all scripts because this is an import worker process. Reason to compile was: Define symbols changed
System.ArgumentException: There is no a valid NamedBuildTarget for BuildTargetGroup 'PSM'
  at UnityEditor.Build.NamedBuildTarget.FromBuildTargetGroup (UnityEditor.BuildTargetGroup buildTargetGroup) [0x00159] in <bf6080dbf0564cf1b405dfd6e0dac725>:0 
  at UnityEditor.PlayerSettings.GetScriptingDefineSymbolsForGroup (UnityEditor.BuildTargetGroup targetGroup) [0x00000] in <bf6080dbf0564cf1b405dfd6e0dac725>:0 
  at UnityStandardAssets.CrossPlatformInput.Inspector.CrossPlatformInitialize.GetDefinesList (UnityEditor.BuildTargetGroup group) [0x00000] in C:\Users\g00287035\Documents\GitHub\08-lightingsound-cvalentine25\Assets\Standard Assets\Editor\CrossPlatformInput\CrossPlatformInputInitialize.cs:134 
  at UnityStandardAssets.CrossPlatformInput.Inspector.CrossPlatformInitialize.SetEnabled (System.String defineName, System.Boolean enable, System.Boolean mobile) [0x00018] in C:\Users\g00287035\Documents\GitHub\08-lightingsound-cvalentine25\Assets\Standard Assets\Editor\CrossPlatformInput\CrossPlatformInputInitialize.cs:106 
  at UnityStandardAssets.CrossPlatformInput.Inspector.CrossPlatformInitialize..cctor () [0x00050] in C:\Users\g00287035\Documents\GitHub\08-lightingsound-cvalentine25\Assets\Standard Assets\Editor\CrossPlatformInput\CrossPlatformInputInitialize.cs:22 
UnityEngine.StackTraceUtility:ExtractStackTrace ()
UnityEngine.DebugLogHandler:LogFormat (UnityEngine.LogType,UnityEngine.Object,string,object[])
UnityEngine.Logger:Log (UnityEngine.LogType,object)
UnityEngine.Debug:LogError (object)
UnityEditor.EditorAssemblies:ProcessInitializeOnLoadAttributes (System.Type[])

Mono: successfully reloaded assembly
- Finished resetting the current domain, in  0.748 seconds
Domain Reload Profiling: 1280ms
	BeginReloadAssembly (133ms)
		ExecutionOrderSort (0ms)
		DisableScriptedObjects (7ms)
		BackupInstance (0ms)
		ReleaseScriptingObjects (0ms)
		CreateAndSetChildDomain (25ms)
	RebuildCommonClasses (37ms)
	RebuildNativeTypeToScriptingClass (14ms)
	initialDomainReloadingComplete (39ms)
	LoadAllAssembliesAndSetupDomain (308ms)
		LoadAssemblies (185ms)
		RebuildTransferFunctionScriptingTraits (0ms)
		AnalyzeDomain (189ms)
			TypeCache.Refresh (184ms)
				TypeCache.ScanAssembly (174ms)
			ScanForSourceGeneratedMonoScriptInfo (0ms)
			ResolveRequiredComponents (5ms)
	FinalizeReload (748ms)
		ReleaseScriptCaches (0ms)
		RebuildScriptCaches (0ms)
		SetupLoadedEditorAssemblies (457ms)
			LogAssemblyErrors (0ms)
			InitializePlatformSupportModulesInManaged (33ms)
			SetLoadedEditorAssemblies (5ms)
			RefreshPlugins (0ms)
			BeforeProcessingInitializeOnLoad (59ms)
			ProcessInitializeOnLoadAttributes (312ms)
			ProcessInitializeOnLoadMethodAttributes (39ms)
			AfterProcessingInitializeOnLoad (9ms)
			EditorAssembliesLoaded (0ms)
		ExecutionOrderSort2 (0ms)
		AwakeInstancesAfterBackupRestoration (9ms)
Refreshing native plugins compatible for Editor in 0.58 ms, found 0 plugins.
Preloading 0 native plugins for Editor in 0.00 ms.
Unloading 1201 Unused Serialized files (Serialized files now loaded: 0)
Unloading 34 unused Assets / (4.0 MB). Loaded Objects now: 1709.
Memory consumption went from 86.8 MB to 82.8 MB.
Total: 6.230600 ms (FindLiveObjects: 0.192600 ms CreateObjectMapping: 0.105100 ms MarkObjects: 3.778900 ms  DeleteObjects: 2.152800 ms)

Prepare: number of updated asset objects reloaded= 0
AssetImportParameters requested are different than current active one (requested -> active):
  custom:video-encoder-webm-vp8: eb34c28f22e8b96e1ab97ce403110664 -> 
  custom:video-decoder-webm-vp8: 9c59270c3fd7afecdb556c50c9e8de78 -> 
  custom:audio-decoder-ogg-vorbis: bf7c407c2cedff20999df2af8eb42d56 -> 
  custom:container-demuxer-ogg: 62fdf1f143b41e24485cea50d1cbac27 -> 
  custom:AudioImporter_EditorPlatform: d09bf68614088b80899f8185d706f6e7 -> 
  custom:CustomObjectIndexerAttribute: 756ad292c208cfabdd7b50bc23989ffe -> 
  custom:container-demuxer-webm: 4f35f7cbe854078d1ac9338744f61a02 -> 
  custom:video-codec-MediaFoundation-h265: 746d11721c4dcdbdad8f713fa42b33f4 -> 
  custom:video-decoder-ogg-theora: a1e56fd34408186e4bbccfd4996cb3dc -> 
  custom:audio-encoder-webm-vorbis: bf7c407c2cedff20999df2af8eb42d56 -> 
  custom:framework-win-MediaFoundation: 216162199b28c13a410421893ffa2e32 -> 
  custom:container-muxer-webm: aa71ff27fc2769a1b78a27578f13a17b -> 
========================================================================
Received Prepare
Begin MonoManager ReloadAssembly
- Loaded All Assemblies, in  0.543 seconds
Refreshing native plugins compatible for Editor in 0.41 ms, found 0 plugins.
Native extension for UWP target not found
Native extension for WindowsStandalone target not found
Native extension for iOS target not found
Native extension for WebGL target not found
[ScriptCompilation] NOT recompiling all scripts because this is an import worker process. Reason to compile was: Define symbols changed
System.ArgumentException: There is no a valid NamedBuildTarget for BuildTargetGroup 'PSM'
  at UnityEditor.Build.NamedBuildTarget.FromBuildTargetGroup (UnityEditor.BuildTargetGroup buildTargetGroup) [0x00159] in <bf6080dbf0564cf1b405dfd6e0dac725>:0 
  at UnityEditor.PlayerSettings.GetScriptingDefineSymbolsForGroup (UnityEditor.BuildTargetGroup targetGroup) [0x00000] in <bf6080dbf0564cf1b405dfd6e0dac725>:0 
  at UnityStandardAssets.CrossPlatformInput.Inspector.CrossPlatformInitialize.GetDefinesList (UnityEditor.BuildTargetGroup group) [0x00000] in C:\Users\g00287035\Documents\GitHub\08-lightingsound-cvalentine25\Assets\Standard Assets\Editor\CrossPlatformInput\CrossPlatformInputInitialize.cs:134 
  at UnityStandardAssets.CrossPlatformInput.Inspector.CrossPlatformInitialize.SetEnabled (System.String defineName, System.Boolean enable, System.Boolean mobile) [0x00018] in C:\Users\g00287035\Documents\GitHub\08-lightingsound-cvalentine25\Assets\Standard Assets\Editor\CrossPlatformInput\CrossPlatformInputInitialize.cs:106 
  at UnityStandardAssets.CrossPlatformInput.Inspector.CrossPlatformInitialize..cctor () [0x00050] in C:\Users\g00287035\Documents\GitHub\08-lightingsound-cvalentine25\Assets\Standard Assets\Editor\CrossPlatformInput\CrossPlatformInputInitialize.cs:22 
UnityEngine.StackTraceUtility:ExtractStackTrace ()
UnityEngine.DebugLogHandler:LogFormat (UnityEngine.LogType,UnityEngine.Object,string,object[])
UnityEngine.Logger:Log (UnityEngine.LogType,object)
UnityEngine.Debug:LogError (object)
UnityEditor.EditorAssemblies:ProcessInitializeOnLoadAttributes (System.Type[])

Mono: successfully reloaded assembly
- Finished resetting the current domain, in  0.779 seconds
Domain Reload Profiling: 1320ms
	BeginReloadAssembly (144ms)
		ExecutionOrderSort (0ms)
		DisableScriptedObjects (6ms)
		BackupInstance (0ms)
		ReleaseScriptingObjects (0ms)
		CreateAndSetChildDomain (26ms)
	RebuildCommonClasses (37ms)
	RebuildNativeTypeToScriptingClass (11ms)
	initialDomainReloadingComplete (28ms)
	LoadAllAssembliesAndSetupDomain (321ms)
		LoadAssemblies (191ms)
		RebuildTransferFunctionScriptingTraits (0ms)
		AnalyzeDomain (207ms)
			TypeCache.Refresh (203ms)
				TypeCache.ScanAssembly (194ms)
			ScanForSourceGeneratedMonoScriptInfo (0ms)
			ResolveRequiredComponents (3ms)
	FinalizeReload (779ms)
		ReleaseScriptCaches (0ms)
		RebuildScriptCaches (0ms)
		SetupLoadedEditorAssemblies (461ms)
			LogAssemblyErrors (0ms)
			InitializePlatformSupportModulesInManaged (33ms)
			SetLoadedEditorAssemblies (5ms)
			RefreshPlugins (0ms)
			BeforeProcessingInitializeOnLoad (56ms)
			ProcessInitializeOnLoadAttributes (312ms)
			ProcessInitializeOnLoadMethodAttributes (44ms)
			AfterProcessingInitializeOnLoad (10ms)
			EditorAssembliesLoaded (0ms)
		ExecutionOrderSort2 (0ms)
		AwakeInstancesAfterBackupRestoration (11ms)
Refreshing native plugins compatible for Editor in 0.64 ms, found 0 plugins.
Preloading 0 native plugins for Editor in 0.00 ms.
Unloading 1201 Unused Serialized files (Serialized files now loaded: 0)
Unloading 34 unused Assets / (4.1 MB). Loaded Objects now: 1712.
Memory consumption went from 86.8 MB to 82.8 MB.
Total: 6.607000 ms (FindLiveObjects: 0.151200 ms CreateObjectMapping: 0.080600 ms MarkObjects: 4.158100 ms  DeleteObjects: 2.215500 ms)

Prepare: number of updated asset objects reloaded= 0
AssetImportParameters requested are different than current active one (requested -> active):
  custom:video-encoder-webm-vp8: eb34c28f22e8b96e1ab97ce403110664 -> 
  custom:video-decoder-webm-vp8: 9c59270c3fd7afecdb556c50c9e8de78 -> 
  custom:audio-decoder-ogg-vorbis: bf7c407c2cedff20999df2af8eb42d56 -> 
  custom:container-demuxer-ogg: 62fdf1f143b41e24485cea50d1cbac27 -> 
  custom:AudioImporter_EditorPlatform: d09bf68614088b80899f8185d706f6e7 -> 
  custom:CustomObjectIndexerAttribute: 756ad292c208cfabdd7b50bc23989ffe -> 
  custom:container-demuxer-webm: 4f35f7cbe854078d1ac9338744f61a02 -> 
  custom:video-codec-MediaFoundation-h265: 746d11721c4dcdbdad8f713fa42b33f4 -> 
  custom:video-decoder-ogg-theora: a1e56fd34408186e4bbccfd4996cb3dc -> 
  custom:audio-encoder-webm-vorbis: bf7c407c2cedff20999df2af8eb42d56 -> 
  custom:framework-win-MediaFoundation: 216162199b28c13a410421893ffa2e32 -> 
  custom:container-muxer-webm: aa71ff27fc2769a1b78a27578f13a17b -> 
========================================================================
Received Prepare
Begin MonoManager ReloadAssembly
- Loaded All Assemblies, in  0.531 seconds
Refreshing native plugins compatible for Editor in 0.75 ms, found 0 plugins.
Native extension for UWP target not found
Native extension for WindowsStandalone target not found
Native extension for iOS target not found
Native extension for WebGL target not found
[ScriptCompilation] NOT recompiling all scripts because this is an import worker process. Reason to compile was: Define symbols changed
System.ArgumentException: There is no a valid NamedBuildTarget for BuildTargetGroup 'PSM'
  at UnityEditor.Build.NamedBuildTarget.FromBuildTargetGroup (UnityEditor.BuildTargetGroup buildTargetGroup) [0x00159] in <bf6080dbf0564cf1b405dfd6e0dac725>:0 
  at UnityEditor.PlayerSettings.GetScriptingDefineSymbolsForGroup (UnityEditor.BuildTargetGroup targetGroup) [0x00000] in <bf6080dbf0564cf1b405dfd6e0dac725>:0 
  at UnityStandardAssets.CrossPlatformInput.Inspector.CrossPlatformInitialize.GetDefinesList (UnityEditor.BuildTargetGroup group) [0x00000] in C:\Users\g00287035\Documents\GitHub\08-lightingsound-cvalentine25\Assets\Standard Assets\Editor\CrossPlatformInput\CrossPlatformInputInitialize.cs:134 
  at UnityStandardAssets.CrossPlatformInput.Inspector.CrossPlatformInitialize.SetEnabled (System.String defineName, System.Boolean enable, System.Boolean mobile) [0x00018] in C:\Users\g00287035\Documents\GitHub\08-lightingsound-cvalentine25\Assets\Standard Assets\Editor\CrossPlatformInput\CrossPlatformInputInitialize.cs:106 
  at UnityStandardAssets.CrossPlatformInput.Inspector.CrossPlatformInitialize..cctor () [0x00050] in C:\Users\g00287035\Documents\GitHub\08-lightingsound-cvalentine25\Assets\Standard Assets\Editor\CrossPlatformInput\CrossPlatformInputInitialize.cs:22 
UnityEngine.StackTraceUtility:ExtractStackTrace ()
UnityEngine.DebugLogHandler:LogFormat (UnityEngine.LogType,UnityEngine.Object,string,object[])
UnityEngine.Logger:Log (UnityEngine.LogType,object)
UnityEngine.Debug:LogError (object)
UnityEditor.EditorAssemblies:ProcessInitializeOnLoadAttributes (System.Type[])

Mono: successfully reloaded assembly
- Finished resetting the current domain, in  0.729 seconds
Domain Reload Profiling: 1259ms
	BeginReloadAssembly (139ms)
		ExecutionOrderSort (0ms)
		DisableScriptedObjects (8ms)
		BackupInstance (0ms)
		ReleaseScriptingObjects (0ms)
		CreateAndSetChildDomain (28ms)
	RebuildCommonClasses (34ms)
	RebuildNativeTypeToScriptingClass (13ms)
	initialDomainReloadingComplete (28ms)
	LoadAllAssembliesAndSetupDomain (315ms)
		LoadAssemblies (190ms)
		RebuildTransferFunctionScriptingTraits (0ms)
		AnalyzeDomain (193ms)
			TypeCache.Refresh (187ms)
				TypeCache.ScanAssembly (175ms)
			ScanForSourceGeneratedMonoScriptInfo (0ms)
			ResolveRequiredComponents (5ms)
	FinalizeReload (730ms)
		ReleaseScriptCaches (0ms)
		RebuildScriptCaches (0ms)
		SetupLoadedEditorAssemblies (440ms)
			LogAssemblyErrors (0ms)
			InitializePlatformSupportModulesInManaged (38ms)
			SetLoadedEditorAssemblies (92ms)
			RefreshPlugins (0ms)
			BeforeProcessingInitializeOnLoad (60ms)
			ProcessInitializeOnLoadAttributes (200ms)
			ProcessInitializeOnLoadMethodAttributes (42ms)
			AfterProcessingInitializeOnLoad (7ms)
			EditorAssembliesLoaded (0ms)
		ExecutionOrderSort2 (0ms)
		AwakeInstancesAfterBackupRestoration (8ms)
Refreshing native plugins compatible for Editor in 0.87 ms, found 0 plugins.
Preloading 0 native plugins for Editor in 0.00 ms.
Unloading 1201 Unused Serialized files (Serialized files now loaded: 0)
Unloading 34 unused Assets / (4.1 MB). Loaded Objects now: 1715.
Memory consumption went from 86.8 MB to 82.8 MB.
Total: 7.033700 ms (FindLiveObjects: 0.244800 ms CreateObjectMapping: 0.103600 ms MarkObjects: 4.447400 ms  DeleteObjects: 2.236800 ms)

Prepare: number of updated asset objects reloaded= 0
AssetImportParameters requested are different than current active one (requested -> active):
  custom:video-encoder-webm-vp8: eb34c28f22e8b96e1ab97ce403110664 -> 
  custom:video-decoder-webm-vp8: 9c59270c3fd7afecdb556c50c9e8de78 -> 
  custom:audio-decoder-ogg-vorbis: bf7c407c2cedff20999df2af8eb42d56 -> 
  custom:container-demuxer-ogg: 62fdf1f143b41e24485cea50d1cbac27 -> 
  custom:AudioImporter_EditorPlatform: d09bf68614088b80899f8185d706f6e7 -> 
  custom:CustomObjectIndexerAttribute: 756ad292c208cfabdd7b50bc23989ffe -> 
  custom:container-demuxer-webm: 4f35f7cbe854078d1ac9338744f61a02 -> 
  custom:video-codec-MediaFoundation-h265: 746d11721c4dcdbdad8f713fa42b33f4 -> 
  custom:video-decoder-ogg-theora: a1e56fd34408186e4bbccfd4996cb3dc -> 
  custom:audio-encoder-webm-vorbis: bf7c407c2cedff20999df2af8eb42d56 -> 
  custom:framework-win-MediaFoundation: 216162199b28c13a410421893ffa2e32 -> 
  custom:container-muxer-webm: aa71ff27fc2769a1b78a27578f13a17b -> 
========================================================================
Received Prepare
Begin MonoManager ReloadAssembly
- Loaded All Assemblies, in  0.533 seconds
Refreshing native plugins compatible for Editor in 0.42 ms, found 0 plugins.
Native extension for UWP target not found
Native extension for WindowsStandalone target not found
Native extension for iOS target not found
Native extension for WebGL target not found
[ScriptCompilation] NOT recompiling all scripts because this is an import worker process. Reason to compile was: Define symbols changed
System.ArgumentException: There is no a valid NamedBuildTarget for BuildTargetGroup 'PSM'
  at UnityEditor.Build.NamedBuildTarget.FromBuildTargetGroup (UnityEditor.BuildTargetGroup buildTargetGroup) [0x00159] in <bf6080dbf0564cf1b405dfd6e0dac725>:0 
  at UnityEditor.PlayerSettings.GetScriptingDefineSymbolsForGroup (UnityEditor.BuildTargetGroup targetGroup) [0x00000] in <bf6080dbf0564cf1b405dfd6e0dac725>:0 
  at UnityStandardAssets.CrossPlatformInput.Inspector.CrossPlatformInitialize.GetDefinesList (UnityEditor.BuildTargetGroup group) [0x00000] in C:\Users\g00287035\Documents\GitHub\08-lightingsound-cvalentine25\Assets\Standard Assets\Editor\CrossPlatformInput\CrossPlatformInputInitialize.cs:134 
  at UnityStandardAssets.CrossPlatformInput.Inspector.CrossPlatformInitialize.SetEnabled (System.String defineName, System.Boolean enable, System.Boolean mobile) [0x00018] in C:\Users\g00287035\Documents\GitHub\08-lightingsound-cvalentine25\Assets\Standard Assets\Editor\CrossPlatformInput\CrossPlatformInputInitialize.cs:106 
  at UnityStandardAssets.CrossPlatformInput.Inspector.CrossPlatformInitialize..cctor () [0x00050] in C:\Users\g00287035\Documents\GitHub\08-lightingsound-cvalentine25\Assets\Standard Assets\Editor\CrossPlatformInput\CrossPlatformInputInitialize.cs:22 
UnityEngine.StackTraceUtility:ExtractStackTrace ()
UnityEngine.DebugLogHandler:LogFormat (UnityEngine.LogType,UnityEngine.Object,string,object[])
UnityEngine.Logger:Log (UnityEngine.LogType,object)
UnityEngine.Debug:LogError (object)
UnityEditor.EditorAssemblies:ProcessInitializeOnLoadAttributes (System.Type[])

Mono: successfully reloaded assembly
- Finished resetting the current domain, in  0.645 seconds
Domain Reload Profiling: 1177ms
	BeginReloadAssembly (135ms)
		ExecutionOrderSort (0ms)
		DisableScriptedObjects (6ms)
		BackupInstance (0ms)
		ReleaseScriptingObjects (0ms)
		CreateAndSetChildDomain (27ms)
	RebuildCommonClasses (48ms)
	RebuildNativeTypeToScriptingClass (22ms)
	initialDomainReloadingComplete (28ms)
	LoadAllAssembliesAndSetupDomain (299ms)
		LoadAssemblies (183ms)
		RebuildTransferFunctionScriptingTraits (0ms)
		AnalyzeDomain (182ms)
			TypeCache.Refresh (178ms)
				TypeCache.ScanAssembly (169ms)
			ScanForSourceGeneratedMonoScriptInfo (0ms)
			ResolveRequiredComponents (4ms)
	FinalizeReload (646ms)
		ReleaseScriptCaches (0ms)
		RebuildScriptCaches (0ms)
		SetupLoadedEditorAssemblies (353ms)
			LogAssemblyErrors (0ms)
			InitializePlatformSupportModulesInManaged (31ms)
			SetLoadedEditorAssemblies (5ms)
			RefreshPlugins (0ms)
			BeforeProcessingInitializeOnLoad (64ms)
			ProcessInitializeOnLoadAttributes (207ms)
			ProcessInitializeOnLoadMethodAttributes (40ms)
			AfterProcessingInitializeOnLoad (7ms)
			EditorAssembliesLoaded (0ms)
		ExecutionOrderSort2 (0ms)
		AwakeInstancesAfterBackupRestoration (8ms)
Refreshing native plugins compatible for Editor in 0.64 ms, found 0 plugins.
Preloading 0 native plugins for Editor in 0.00 ms.
Unloading 1201 Unused Serialized files (Serialized files now loaded: 0)
Unloading 34 unused Assets / (4.1 MB). Loaded Objects now: 1718.
Memory consumption went from 86.8 MB to 82.8 MB.
Total: 6.754400 ms (FindLiveObjects: 0.186100 ms CreateObjectMapping: 0.126500 ms MarkObjects: 4.155600 ms  DeleteObjects: 2.284300 ms)

Prepare: number of updated asset objects reloaded= 0
AssetImportParameters requested are different than current active one (requested -> active):
  custom:video-encoder-webm-vp8: eb34c28f22e8b96e1ab97ce403110664 -> 
  custom:video-decoder-webm-vp8: 9c59270c3fd7afecdb556c50c9e8de78 -> 
  custom:audio-decoder-ogg-vorbis: bf7c407c2cedff20999df2af8eb42d56 -> 
  custom:container-demuxer-ogg: 62fdf1f143b41e24485cea50d1cbac27 -> 
  custom:AudioImporter_EditorPlatform: d09bf68614088b80899f8185d706f6e7 -> 
  custom:CustomObjectIndexerAttribute: 756ad292c208cfabdd7b50bc23989ffe -> 
  custom:container-demuxer-webm: 4f35f7cbe854078d1ac9338744f61a02 -> 
  custom:video-codec-MediaFoundation-h265: 746d11721c4dcdbdad8f713fa42b33f4 -> 
  custom:video-decoder-ogg-theora: a1e56fd34408186e4bbccfd4996cb3dc -> 
  custom:audio-encoder-webm-vorbis: bf7c407c2cedff20999df2af8eb42d56 -> 
  custom:framework-win-MediaFoundation: 216162199b28c13a410421893ffa2e32 -> 
  custom:container-muxer-webm: aa71ff27fc2769a1b78a27578f13a17b -> 
========================================================================
Received Prepare
Begin MonoManager ReloadAssembly
- Loaded All Assemblies, in  0.534 seconds
Refreshing native plugins compatible for Editor in 0.44 ms, found 0 plugins.
Native extension for UWP target not found
Native extension for WindowsStandalone target not found
Native extension for iOS target not found
Native extension for WebGL target not found
[ScriptCompilation] NOT recompiling all scripts because this is an import worker process. Reason to compile was: Define symbols changed
System.ArgumentException: There is no a valid NamedBuildTarget for BuildTargetGroup 'PSM'
  at UnityEditor.Build.NamedBuildTarget.FromBuildTargetGroup (UnityEditor.BuildTargetGroup buildTargetGroup) [0x00159] in <bf6080dbf0564cf1b405dfd6e0dac725>:0 
  at UnityEditor.PlayerSettings.GetScriptingDefineSymbolsForGroup (UnityEditor.BuildTargetGroup targetGroup) [0x00000] in <bf6080dbf0564cf1b405dfd6e0dac725>:0 
  at UnityStandardAssets.CrossPlatformInput.Inspector.CrossPlatformInitialize.GetDefinesList (UnityEditor.BuildTargetGroup group) [0x00000] in C:\Users\g00287035\Documents\GitHub\08-lightingsound-cvalentine25\Assets\Standard Assets\Editor\CrossPlatformInput\CrossPlatformInputInitialize.cs:134 
  at UnityStandardAssets.CrossPlatformInput.Inspector.CrossPlatformInitialize.SetEnabled (System.String defineName, System.Boolean enable, System.Boolean mobile) [0x00018] in C:\Users\g00287035\Documents\GitHub\08-lightingsound-cvalentine25\Assets\Standard Assets\Editor\CrossPlatformInput\CrossPlatformInputInitialize.cs:106 
  at UnityStandardAssets.CrossPlatformInput.Inspector.CrossPlatformInitialize..cctor () [0x00050] in C:\Users\g00287035\Documents\GitHub\08-lightingsound-cvalentine25\Assets\Standard Assets\Editor\CrossPlatformInput\CrossPlatformInputInitialize.cs:22 
UnityEngine.StackTraceUtility:ExtractStackTrace ()
UnityEngine.DebugLogHandler:LogFormat (UnityEngine.LogType,UnityEngine.Object,string,object[])
UnityEngine.Logger:Log (UnityEngine.LogType,object)
UnityEngine.Debug:LogError (object)
UnityEditor.EditorAssemblies:ProcessInitializeOnLoadAttributes (System.Type[])

Mono: successfully reloaded assembly
- Finished resetting the current domain, in  0.634 seconds
Domain Reload Profiling: 1166ms
	BeginReloadAssembly (136ms)
		ExecutionOrderSort (0ms)
		DisableScriptedObjects (6ms)
		BackupInstance (0ms)
		ReleaseScriptingObjects (0ms)
		CreateAndSetChildDomain (25ms)
	RebuildCommonClasses (39ms)
	RebuildNativeTypeToScriptingClass (12ms)
	initialDomainReloadingComplete (31ms)
	LoadAllAssembliesAndSetupDomain (314ms)
		LoadAssemblies (188ms)
		RebuildTransferFunctionScriptingTraits (0ms)
		AnalyzeDomain (194ms)
			TypeCache.Refresh (191ms)
				TypeCache.ScanAssembly (181ms)
			ScanForSourceGeneratedMonoScriptInfo (0ms)
			ResolveRequiredComponents (4ms)
	FinalizeReload (635ms)
		ReleaseScriptCaches (0ms)
		RebuildScriptCaches (0ms)
		SetupLoadedEditorAssemblies (341ms)
			LogAssemblyErrors (0ms)
			InitializePlatformSupportModulesInManaged (34ms)
			SetLoadedEditorAssemblies (4ms)
			RefreshPlugins (0ms)
			BeforeProcessingInitializeOnLoad (63ms)
			ProcessInitializeOnLoadAttributes (191ms)
			ProcessInitializeOnLoadMethodAttributes (41ms)
			AfterProcessingInitializeOnLoad (8ms)
			EditorAssembliesLoaded (0ms)
		ExecutionOrderSort2 (0ms)
		AwakeInstancesAfterBackupRestoration (9ms)
Refreshing native plugins compatible for Editor in 0.63 ms, found 0 plugins.
Preloading 0 native plugins for Editor in 0.00 ms.
Unloading 1201 Unused Serialized files (Serialized files now loaded: 0)
Unloading 34 unused Assets / (4.1 MB). Loaded Objects now: 1721.
Memory consumption went from 86.9 MB to 82.8 MB.
Total: 6.166700 ms (FindLiveObjects: 0.152700 ms CreateObjectMapping: 0.076900 ms MarkObjects: 3.769500 ms  DeleteObjects: 2.165900 ms)

Prepare: number of updated asset objects reloaded= 0
AssetImportParameters requested are different than current active one (requested -> active):
  custom:video-encoder-webm-vp8: eb34c28f22e8b96e1ab97ce403110664 -> 
  custom:video-decoder-webm-vp8: 9c59270c3fd7afecdb556c50c9e8de78 -> 
  custom:audio-decoder-ogg-vorbis: bf7c407c2cedff20999df2af8eb42d56 -> 
  custom:container-demuxer-ogg: 62fdf1f143b41e24485cea50d1cbac27 -> 
  custom:AudioImporter_EditorPlatform: d09bf68614088b80899f8185d706f6e7 -> 
  custom:CustomObjectIndexerAttribute: 756ad292c208cfabdd7b50bc23989ffe -> 
  custom:container-demuxer-webm: 4f35f7cbe854078d1ac9338744f61a02 -> 
  custom:video-codec-MediaFoundation-h265: 746d11721c4dcdbdad8f713fa42b33f4 -> 
  custom:video-decoder-ogg-theora: a1e56fd34408186e4bbccfd4996cb3dc -> 
  custom:audio-encoder-webm-vorbis: bf7c407c2cedff20999df2af8eb42d56 -> 
  custom:framework-win-MediaFoundation: 216162199b28c13a410421893ffa2e32 -> 
  custom:container-muxer-webm: aa71ff27fc2769a1b78a27578f13a17b -> 
========================================================================
Received Prepare
Begin MonoManager ReloadAssembly
- Loaded All Assemblies, in  0.541 seconds
Refreshing native plugins compatible for Editor in 0.41 ms, found 0 plugins.
Native extension for UWP target not found
Native extension for WindowsStandalone target not found
Native extension for iOS target not found
Native extension for WebGL target not found
[ScriptCompilation] NOT recompiling all scripts because this is an import worker process. Reason to compile was: Define symbols changed
System.ArgumentException: There is no a valid NamedBuildTarget for BuildTargetGroup 'PSM'
  at UnityEditor.Build.NamedBuildTarget.FromBuildTargetGroup (UnityEditor.BuildTargetGroup buildTargetGroup) [0x00159] in <bf6080dbf0564cf1b405dfd6e0dac725>:0 
  at UnityEditor.PlayerSettings.GetScriptingDefineSymbolsForGroup (UnityEditor.BuildTargetGroup targetGroup) [0x00000] in <bf6080dbf0564cf1b405dfd6e0dac725>:0 
  at UnityStandardAssets.CrossPlatformInput.Inspector.CrossPlatformInitialize.GetDefinesList (UnityEditor.BuildTargetGroup group) [0x00000] in C:\Users\g00287035\Documents\GitHub\08-lightingsound-cvalentine25\Assets\Standard Assets\Editor\CrossPlatformInput\CrossPlatformInputInitialize.cs:134 
  at UnityStandardAssets.CrossPlatformInput.Inspector.CrossPlatformInitialize.SetEnabled (System.String defineName, System.Boolean enable, System.Boolean mobile) [0x00018] in C:\Users\g00287035\Documents\GitHub\08-lightingsound-cvalentine25\Assets\Standard Assets\Editor\CrossPlatformInput\CrossPlatformInputInitialize.cs:106 
  at UnityStandardAssets.CrossPlatformInput.Inspector.CrossPlatformInitialize..cctor () [0x00050] in C:\Users\g00287035\Documents\GitHub\08-lightingsound-cvalentine25\Assets\Standard Assets\Editor\CrossPlatformInput\CrossPlatformInputInitialize.cs:22 
UnityEngine.StackTraceUtility:ExtractStackTrace ()
UnityEngine.DebugLogHandler:LogFormat (UnityEngine.LogType,UnityEngine.Object,string,object[])
UnityEngine.Logger:Log (UnityEngine.LogType,object)
UnityEngine.Debug:LogError (object)
UnityEditor.EditorAssemblies:ProcessInitializeOnLoadAttributes (System.Type[])

Mono: successfully reloaded assembly
- Finished resetting the current domain, in  0.658 seconds
Domain Reload Profiling: 1197ms
	BeginReloadAssembly (137ms)
		ExecutionOrderSort (0ms)
		DisableScriptedObjects (9ms)
		BackupInstance (0ms)
		ReleaseScriptingObjects (0ms)
		CreateAndSetChildDomain (27ms)
	RebuildCommonClasses (42ms)
	RebuildNativeTypeToScriptingClass (12ms)
	initialDomainReloadingComplete (28ms)
	LoadAllAssembliesAndSetupDomain (318ms)
		LoadAssemblies (195ms)
		RebuildTransferFunctionScriptingTraits (0ms)
		AnalyzeDomain (189ms)
			TypeCache.Refresh (186ms)
				TypeCache.ScanAssembly (177ms)
			ScanForSourceGeneratedMonoScriptInfo (0ms)
			ResolveRequiredComponents (3ms)
	FinalizeReload (659ms)
		ReleaseScriptCaches (0ms)
		RebuildScriptCaches (0ms)
		SetupLoadedEditorAssemblies (354ms)
			LogAssemblyErrors (0ms)
			InitializePlatformSupportModulesInManaged (37ms)
			SetLoadedEditorAssemblies (5ms)
			RefreshPlugins (0ms)
			BeforeProcessingInitializeOnLoad (59ms)
			ProcessInitializeOnLoadAttributes (201ms)
			ProcessInitializeOnLoadMethodAttributes (45ms)
			AfterProcessingInitializeOnLoad (8ms)
			EditorAssembliesLoaded (0ms)
		ExecutionOrderSort2 (0ms)
		AwakeInstancesAfterBackupRestoration (11ms)
Refreshing native plugins compatible for Editor in 0.68 ms, found 0 plugins.
Preloading 0 native plugins for Editor in 0.00 ms.
Unloading 1201 Unused Serialized files (Serialized files now loaded: 0)
Unloading 34 unused Assets / (4.1 MB). Loaded Objects now: 1724.
Memory consumption went from 86.8 MB to 82.8 MB.
Total: 6.134500 ms (FindLiveObjects: 0.153000 ms CreateObjectMapping: 0.080600 ms MarkObjects: 3.729000 ms  DeleteObjects: 2.170700 ms)

Prepare: number of updated asset objects reloaded= 0
AssetImportParameters requested are different than current active one (requested -> active):
  custom:video-encoder-webm-vp8: eb34c28f22e8b96e1ab97ce403110664 -> 
  custom:video-decoder-webm-vp8: 9c59270c3fd7afecdb556c50c9e8de78 -> 
  custom:audio-decoder-ogg-vorbis: bf7c407c2cedff20999df2af8eb42d56 -> 
  custom:container-demuxer-ogg: 62fdf1f143b41e24485cea50d1cbac27 -> 
  custom:AudioImporter_EditorPlatform: d09bf68614088b80899f8185d706f6e7 -> 
  custom:CustomObjectIndexerAttribute: 756ad292c208cfabdd7b50bc23989ffe -> 
  custom:container-demuxer-webm: 4f35f7cbe854078d1ac9338744f61a02 -> 
  custom:video-codec-MediaFoundation-h265: 746d11721c4dcdbdad8f713fa42b33f4 -> 
  custom:video-decoder-ogg-theora: a1e56fd34408186e4bbccfd4996cb3dc -> 
  custom:audio-encoder-webm-vorbis: bf7c407c2cedff20999df2af8eb42d56 -> 
  custom:framework-win-MediaFoundation: 216162199b28c13a410421893ffa2e32 -> 
  custom:container-muxer-webm: aa71ff27fc2769a1b78a27578f13a17b -> 
========================================================================
Received Import Request.
  Time since last request: 652.178057 seconds.
  path: Assets/Models/Mobile/mobile_tree_02.fbx
  artifactKey: Guid(9124851aa09894c5899db5d4f23e76a3) Importer(815301076,1909f56bfc062723c751e8b465ee728b)
Start importing Assets/Models/Mobile/mobile_tree_02.fbx using Guid(9124851aa09894c5899db5d4f23e76a3) Importer(815301076,1909f56bfc062723c751e8b465ee728b)  -> (artifact id: 'aca094f7074cb72e6687310ce548937e') in 0.464349 seconds
Number of updated asset objects reloaded before import = 0
Number of asset objects unloaded after import = 16
========================================================================
Received Import Request.
  Time since last request: 0.000032 seconds.
  path: Assets/Models/Standard/vines_02.fbx
  artifactKey: Guid(e35efc603e19d4b20b3e632f538554e4) Importer(815301076,1909f56bfc062723c751e8b465ee728b)
Start importing Assets/Models/Standard/vines_02.fbx using Guid(e35efc603e19d4b20b3e632f538554e4) Importer(815301076,1909f56bfc062723c751e8b465ee728b)  -> (artifact id: 'e7ab2b7174b611dbe254587de179eda7') in 0.021100 seconds
Number of updated asset objects reloaded before import = 0
Number of asset objects unloaded after import = 9
========================================================================
Received Import Request.
  Time since last request: 0.000029 seconds.
  path: Assets/Models/Mobile/mobile_vines_02.fbx
  artifactKey: Guid(6eb57a165bcb44889b1fddea85069ce7) Importer(815301076,1909f56bfc062723c751e8b465ee728b)
Start importing Assets/Models/Mobile/mobile_vines_02.fbx using Guid(6eb57a165bcb44889b1fddea85069ce7) Importer(815301076,1909f56bfc062723c751e8b465ee728b)  -> (artifact id: 'f9f2d93fa71f4ad86a6dee95a0e88b3b') in 0.019816 seconds
Number of updated asset objects reloaded before import = 0
Number of asset objects unloaded after import = 9
========================================================================
Received Prepare
Begin MonoManager ReloadAssembly
- Loaded All Assemblies, in  0.645 seconds
Refreshing native plugins compatible for Editor in 0.61 ms, found 0 plugins.
Native extension for UWP target not found
Native extension for WindowsStandalone target not found
Native extension for iOS target not found
Native extension for WebGL target not found
[ScriptCompilation] NOT recompiling all scripts because this is an import worker process. Reason to compile was: Define symbols changed
System.ArgumentException: There is no a valid NamedBuildTarget for BuildTargetGroup 'PSM'
  at UnityEditor.Build.NamedBuildTarget.FromBuildTargetGroup (UnityEditor.BuildTargetGroup buildTargetGroup) [0x00159] in <bf6080dbf0564cf1b405dfd6e0dac725>:0 
  at UnityEditor.PlayerSettings.GetScriptingDefineSymbolsForGroup (UnityEditor.BuildTargetGroup targetGroup) [0x00000] in <bf6080dbf0564cf1b405dfd6e0dac725>:0 
  at UnityStandardAssets.CrossPlatformInput.Inspector.CrossPlatformInitialize.GetDefinesList (UnityEditor.BuildTargetGroup group) [0x00000] in C:\Users\g00287035\Documents\GitHub\08-lightingsound-cvalentine25\Assets\Standard Assets\Editor\CrossPlatformInput\CrossPlatformInputInitialize.cs:134 
  at UnityStandardAssets.CrossPlatformInput.Inspector.CrossPlatformInitialize.SetEnabled (System.String defineName, System.Boolean enable, System.Boolean mobile) [0x00018] in C:\Users\g00287035\Documents\GitHub\08-lightingsound-cvalentine25\Assets\Standard Assets\Editor\CrossPlatformInput\CrossPlatformInputInitialize.cs:106 
  at UnityStandardAssets.CrossPlatformInput.Inspector.CrossPlatformInitialize..cctor () [0x00050] in C:\Users\g00287035\Documents\GitHub\08-lightingsound-cvalentine25\Assets\Standard Assets\Editor\CrossPlatformInput\CrossPlatformInputInitialize.cs:22 
UnityEngine.StackTraceUtility:ExtractStackTrace ()
UnityEngine.DebugLogHandler:LogFormat (UnityEngine.LogType,UnityEngine.Object,string,object[])
UnityEngine.Logger:Log (UnityEngine.LogType,object)
UnityEngine.Debug:LogError (object)
UnityEditor.EditorAssemblies:ProcessInitializeOnLoadAttributes (System.Type[])

Mono: successfully reloaded assembly
- Finished resetting the current domain, in  0.661 seconds
Domain Reload Profiling: 1304ms
	BeginReloadAssembly (162ms)
		ExecutionOrderSort (0ms)
		DisableScriptedObjects (7ms)
		BackupInstance (0ms)
		ReleaseScriptingObjects (0ms)
		CreateAndSetChildDomain (29ms)
	RebuildCommonClasses (49ms)
	RebuildNativeTypeToScriptingClass (13ms)
	initialDomainReloadingComplete (30ms)
	LoadAllAssembliesAndSetupDomain (389ms)
		LoadAssemblies (276ms)
		RebuildTransferFunctionScriptingTraits (0ms)
		AnalyzeDomain (202ms)
			TypeCache.Refresh (197ms)
				TypeCache.ScanAssembly (186ms)
			ScanForSourceGeneratedMonoScriptInfo (0ms)
			ResolveRequiredComponents (6ms)
	FinalizeReload (661ms)
		ReleaseScriptCaches (0ms)
		RebuildScriptCaches (0ms)
		SetupLoadedEditorAssemblies (373ms)
			LogAssemblyErrors (0ms)
			InitializePlatformSupportModulesInManaged (36ms)
			SetLoadedEditorAssemblies (5ms)
			RefreshPlugins (0ms)
			BeforeProcessingInitializeOnLoad (64ms)
			ProcessInitializeOnLoadAttributes (213ms)
			ProcessInitializeOnLoadMethodAttributes (45ms)
			AfterProcessingInitializeOnLoad (9ms)
			EditorAssembliesLoaded (0ms)
		ExecutionOrderSort2 (0ms)
		AwakeInstancesAfterBackupRestoration (10ms)
Refreshing native plugins compatible for Editor in 0.62 ms, found 0 plugins.
Preloading 0 native plugins for Editor in 0.00 ms.
Unloading 1200 Unused Serialized files (Serialized files now loaded: 0)
Unloading 34 unused Assets / (4.0 MB). Loaded Objects now: 1771.
Memory consumption went from 91.1 MB to 87.0 MB.
Total: 6.592800 ms (FindLiveObjects: 0.167200 ms CreateObjectMapping: 0.147400 ms MarkObjects: 4.160100 ms  DeleteObjects: 2.117100 ms)

Prepare: number of updated asset objects reloaded= 0
AssetImportParameters requested are different than current active one (requested -> active):
  custom:video-encoder-webm-vp8: eb34c28f22e8b96e1ab97ce403110664 -> 
  custom:video-decoder-webm-vp8: 9c59270c3fd7afecdb556c50c9e8de78 -> 
  custom:audio-decoder-ogg-vorbis: bf7c407c2cedff20999df2af8eb42d56 -> 
  custom:container-demuxer-ogg: 62fdf1f143b41e24485cea50d1cbac27 -> 
  custom:AudioImporter_EditorPlatform: d09bf68614088b80899f8185d706f6e7 -> 
  custom:CustomObjectIndexerAttribute: 756ad292c208cfabdd7b50bc23989ffe -> 
  custom:container-demuxer-webm: 4f35f7cbe854078d1ac9338744f61a02 -> 
  custom:video-codec-MediaFoundation-h265: 746d11721c4dcdbdad8f713fa42b33f4 -> 
  custom:video-decoder-ogg-theora: a1e56fd34408186e4bbccfd4996cb3dc -> 
  custom:audio-encoder-webm-vorbis: bf7c407c2cedff20999df2af8eb42d56 -> 
  custom:framework-win-MediaFoundation: 216162199b28c13a410421893ffa2e32 -> 
  custom:container-muxer-webm: aa71ff27fc2769a1b78a27578f13a17b -> 
========================================================================
Received Prepare
Begin MonoManager ReloadAssembly
- Loaded All Assemblies, in  0.592 seconds
Refreshing native plugins compatible for Editor in 0.42 ms, found 0 plugins.
Native extension for UWP target not found
Native extension for WindowsStandalone target not found
Native extension for iOS target not found
Native extension for WebGL target not found
[ScriptCompilation] NOT recompiling all scripts because this is an import worker process. Reason to compile was: Define symbols changed
System.ArgumentException: There is no a valid NamedBuildTarget for BuildTargetGroup 'PSM'
  at UnityEditor.Build.NamedBuildTarget.FromBuildTargetGroup (UnityEditor.BuildTargetGroup buildTargetGroup) [0x00159] in <bf6080dbf0564cf1b405dfd6e0dac725>:0 
  at UnityEditor.PlayerSettings.GetScriptingDefineSymbolsForGroup (UnityEditor.BuildTargetGroup targetGroup) [0x00000] in <bf6080dbf0564cf1b405dfd6e0dac725>:0 
  at UnityStandardAssets.CrossPlatformInput.Inspector.CrossPlatformInitialize.GetDefinesList (UnityEditor.BuildTargetGroup group) [0x00000] in C:\Users\g00287035\Documents\GitHub\08-lightingsound-cvalentine25\Assets\Standard Assets\Editor\CrossPlatformInput\CrossPlatformInputInitialize.cs:134 
  at UnityStandardAssets.CrossPlatformInput.Inspector.CrossPlatformInitialize.SetEnabled (System.String defineName, System.Boolean enable, System.Boolean mobile) [0x00018] in C:\Users\g00287035\Documents\GitHub\08-lightingsound-cvalentine25\Assets\Standard Assets\Editor\CrossPlatformInput\CrossPlatformInputInitialize.cs:106 
  at UnityStandardAssets.CrossPlatformInput.Inspector.CrossPlatformInitialize..cctor () [0x00050] in C:\Users\g00287035\Documents\GitHub\08-lightingsound-cvalentine25\Assets\Standard Assets\Editor\CrossPlatformInput\CrossPlatformInputInitialize.cs:22 
UnityEngine.StackTraceUtility:ExtractStackTrace ()
UnityEngine.DebugLogHandler:LogFormat (UnityEngine.LogType,UnityEngine.Object,string,object[])
UnityEngine.Logger:Log (UnityEngine.LogType,object)
UnityEngine.Debug:LogError (object)
UnityEditor.EditorAssemblies:ProcessInitializeOnLoadAttributes (System.Type[])

Mono: successfully reloaded assembly
- Finished resetting the current domain, in  0.656 seconds
Domain Reload Profiling: 1245ms
	BeginReloadAssembly (168ms)
		ExecutionOrderSort (0ms)
		DisableScriptedObjects (6ms)
		BackupInstance (0ms)
		ReleaseScriptingObjects (0ms)
		CreateAndSetChildDomain (33ms)
	RebuildCommonClasses (42ms)
	RebuildNativeTypeToScriptingClass (15ms)
	initialDomainReloadingComplete (33ms)
	LoadAllAssembliesAndSetupDomain (330ms)
		LoadAssemblies (187ms)
		RebuildTransferFunctionScriptingTraits (0ms)
		AnalyzeDomain (206ms)
			TypeCache.Refresh (201ms)
				TypeCache.ScanAssembly (189ms)
			ScanForSourceGeneratedMonoScriptInfo (0ms)
			ResolveRequiredComponents (5ms)
	FinalizeReload (657ms)
		ReleaseScriptCaches (0ms)
		RebuildScriptCaches (0ms)
		SetupLoadedEditorAssemblies (376ms)
			LogAssemblyErrors (0ms)
			InitializePlatformSupportModulesInManaged (34ms)
			SetLoadedEditorAssemblies (6ms)
			RefreshPlugins (0ms)
			BeforeProcessingInitializeOnLoad (66ms)
			ProcessInitializeOnLoadAttributes (216ms)
			ProcessInitializeOnLoadMethodAttributes (44ms)
			AfterProcessingInitializeOnLoad (11ms)
			EditorAssembliesLoaded (0ms)
		ExecutionOrderSort2 (0ms)
		AwakeInstancesAfterBackupRestoration (11ms)
Refreshing native plugins compatible for Editor in 0.62 ms, found 0 plugins.
Preloading 0 native plugins for Editor in 0.00 ms.
Unloading 1201 Unused Serialized files (Serialized files now loaded: 0)
Unloading 34 unused Assets / (4.1 MB). Loaded Objects now: 1774.
Memory consumption went from 91.4 MB to 87.3 MB.
Total: 6.505300 ms (FindLiveObjects: 0.168200 ms CreateObjectMapping: 0.121400 ms MarkObjects: 3.912400 ms  DeleteObjects: 2.302300 ms)

Prepare: number of updated asset objects reloaded= 0
AssetImportParameters requested are different than current active one (requested -> active):
  custom:video-encoder-webm-vp8: eb34c28f22e8b96e1ab97ce403110664 -> 
  custom:video-decoder-webm-vp8: 9c59270c3fd7afecdb556c50c9e8de78 -> 
  custom:audio-decoder-ogg-vorbis: bf7c407c2cedff20999df2af8eb42d56 -> 
  custom:container-demuxer-ogg: 62fdf1f143b41e24485cea50d1cbac27 -> 
  custom:AudioImporter_EditorPlatform: d09bf68614088b80899f8185d706f6e7 -> 
  custom:CustomObjectIndexerAttribute: 756ad292c208cfabdd7b50bc23989ffe -> 
  custom:container-demuxer-webm: 4f35f7cbe854078d1ac9338744f61a02 -> 
  custom:video-codec-MediaFoundation-h265: 746d11721c4dcdbdad8f713fa42b33f4 -> 
  custom:video-decoder-ogg-theora: a1e56fd34408186e4bbccfd4996cb3dc -> 
  custom:audio-encoder-webm-vorbis: bf7c407c2cedff20999df2af8eb42d56 -> 
  custom:framework-win-MediaFoundation: 216162199b28c13a410421893ffa2e32 -> 
  custom:container-muxer-webm: aa71ff27fc2769a1b78a27578f13a17b -> 
Editor requested this worker to shutdown with reason: Scaling down because of idle timeout
TcpMessagingSession - receive error: operation aborted. errorcode: 995, details: The I/O operation has been aborted because of either a thread exit or an application request.
AssetImportWorker is now disconnected from the server
Process exiting
Exiting without the bug reporter. Application will terminate with return code 0