Using pre-set license
Built from '2022.3/release' branch; Version is '2022.3.5f1 (9674261d40ee) revision 9860134'; Using compiler version '192829333'; Build Type 'Release'
OS: 'Windows 11  (10.0.22621) 64bit Enterprise' Language: 'en' Physical Memory: 16275 MB
BatchMode: 1, IsHumanControllingUs: 0, StartBugReporterOnCrash: 0, Is64bit: 1, IsPro: 1

COMMAND LINE ARGUMENTS:
C:\Program Files\Unity\Hub\Editor\2022.3.5f1\Editor\Unity.exe
-adb2
-batchMode
-noUpm
-name
AssetImportWorker3
-projectPath
C:/Users/G00287035/Documents/GitHub/08-lightingsound-cvalentine25
-logFile
Logs/AssetImportWorker3.log
-srvPort
64906
Successfully changed project path to: C:/Users/G00287035/Documents/GitHub/08-lightingsound-cvalentine25
C:/Users/G00287035/Documents/GitHub/08-lightingsound-cvalentine25
[UnityMemory] Configuration Parameters - Can be set up in boot.config
    "memorysetup-bucket-allocator-granularity=16"
    "memorysetup-bucket-allocator-bucket-count=8"
    "memorysetup-bucket-allocator-block-size=33554432"
    "memorysetup-bucket-allocator-block-count=8"
    "memorysetup-main-allocator-block-size=16777216"
    "memorysetup-thread-allocator-block-size=16777216"
    "memorysetup-gfx-main-allocator-block-size=16777216"
    "memorysetup-gfx-thread-allocator-block-size=16777216"
    "memorysetup-cache-allocator-block-size=4194304"
    "memorysetup-typetree-allocator-block-size=2097152"
    "memorysetup-profiler-bucket-allocator-granularity=16"
    "memorysetup-profiler-bucket-allocator-bucket-count=8"
    "memorysetup-profiler-bucket-allocator-block-size=33554432"
    "memorysetup-profiler-bucket-allocator-block-count=8"
    "memorysetup-profiler-allocator-block-size=16777216"
    "memorysetup-profiler-editor-allocator-block-size=1048576"
    "memorysetup-temp-allocator-size-main=16777216"
    "memorysetup-job-temp-allocator-block-size=2097152"
    "memorysetup-job-temp-allocator-block-size-background=1048576"
    "memorysetup-job-temp-allocator-reduction-small-platforms=262144"
    "memorysetup-allocator-temp-initial-block-size-main=262144"
    "memorysetup-allocator-temp-initial-block-size-worker=262144"
    "memorysetup-temp-allocator-size-background-worker=32768"
    "memorysetup-temp-allocator-size-job-worker=262144"
    "memorysetup-temp-allocator-size-preload-manager=33554432"
    "memorysetup-temp-allocator-size-nav-mesh-worker=65536"
    "memorysetup-temp-allocator-size-audio-worker=65536"
    "memorysetup-temp-allocator-size-cloud-worker=32768"
    "memorysetup-temp-allocator-size-gi-baking-worker=262144"
    "memorysetup-temp-allocator-size-gfx=262144"
Player connection [8860] Host "[IP] 172.25.69.131 [Port] 0 [Flags] 2 [Guid] 3324349064 [EditorId] 3324349064 [Version] 1048832 [Id] WindowsEditor(7,W213-18) [Debug] 1 [PackageName] WindowsEditor [ProjectName] Editor" joined multi-casting on [225.0.0.222:54997]...

Player connection [8860] Host "[IP] 172.25.69.131 [Port] 0 [Flags] 2 [Guid] 3324349064 [EditorId] 3324349064 [Version] 1048832 [Id] WindowsEditor(7,W213-18) [Debug] 1 [PackageName] WindowsEditor [ProjectName] Editor" joined alternative multi-casting on [225.0.0.222:34997]...

Refreshing native plugins compatible for Editor in 3.88 ms, found 0 plugins.
Preloading 0 native plugins for Editor in 0.00 ms.
Initialize engine version: 2022.3.5f1 (9674261d40ee)
[Subsystems] Discovering subsystems at path C:/Program Files/Unity/Hub/Editor/2022.3.5f1/Editor/Data/Resources/UnitySubsystems
[Subsystems] Discovering subsystems at path C:/Users/G00287035/Documents/GitHub/08-lightingsound-cvalentine25/Assets
GfxDevice: creating device client; threaded=0; jobified=0
Direct3D:
    Version:  Direct3D 11.0 [level 11.1]
    Renderer: NVIDIA GeForce GTX 1060 6GB (ID=0x1c03)
    Vendor:   NVIDIA
    VRAM:     6052 MB
    Driver:   27.21.14.5751
Initialize mono
Mono path[0] = 'C:/Program Files/Unity/Hub/Editor/2022.3.5f1/Editor/Data/Managed'
Mono path[1] = 'C:/Program Files/Unity/Hub/Editor/2022.3.5f1/Editor/Data/MonoBleedingEdge/lib/mono/unityjit-win32'
Mono config path = 'C:/Program Files/Unity/Hub/Editor/2022.3.5f1/Editor/Data/MonoBleedingEdge/etc'
Using monoOptions --debugger-agent=transport=dt_socket,embedding=1,server=y,suspend=n,address=127.0.0.1:56276
Begin MonoManager ReloadAssembly
Registering precompiled unity dll's ...
Register platform support module: C:/Program Files/Unity/Hub/Editor/2022.3.5f1/Editor/Data/PlaybackEngines/WebGLSupport/UnityEditor.WebGL.Extensions.dll
Register platform support module: C:/Program Files/Unity/Hub/Editor/2022.3.5f1/Editor/Data/PlaybackEngines/iOSSupport/UnityEditor.iOS.Extensions.dll
Register platform support module: C:/Program Files/Unity/Hub/Editor/2022.3.5f1/Editor/Data/PlaybackEngines/WindowsStandaloneSupport/UnityEditor.WindowsStandalone.Extensions.dll
Register platform support module: C:/Program Files/Unity/Hub/Editor/2022.3.5f1/Editor/Data/PlaybackEngines/MetroSupport/UnityEditor.UWP.Extensions.dll
Registered in 0.012347 seconds.
- Loaded All Assemblies, in  0.419 seconds
Native extension for UWP target not found
Native extension for WindowsStandalone target not found
[usbmuxd] Start listen thread
[usbmuxd] Listen thread started
Native extension for iOS target not found
Native extension for WebGL target not found
Mono: successfully reloaded assembly
- Finished resetting the current domain, in  0.321 seconds
Domain Reload Profiling: 739ms
	BeginReloadAssembly (102ms)
		ExecutionOrderSort (0ms)
		DisableScriptedObjects (0ms)
		BackupInstance (0ms)
		ReleaseScriptingObjects (0ms)
		CreateAndSetChildDomain (1ms)
	RebuildCommonClasses (40ms)
	RebuildNativeTypeToScriptingClass (12ms)
	initialDomainReloadingComplete (69ms)
	LoadAllAssembliesAndSetupDomain (195ms)
		LoadAssemblies (99ms)
		RebuildTransferFunctionScriptingTraits (0ms)
		AnalyzeDomain (187ms)
			TypeCache.Refresh (185ms)
				TypeCache.ScanAssembly (170ms)
			ScanForSourceGeneratedMonoScriptInfo (1ms)
			ResolveRequiredComponents (1ms)
	FinalizeReload (322ms)
		ReleaseScriptCaches (0ms)
		RebuildScriptCaches (0ms)
		SetupLoadedEditorAssemblies (231ms)
			LogAssemblyErrors (0ms)
			InitializePlatformSupportModulesInManaged (32ms)
			SetLoadedEditorAssemblies (5ms)
			RefreshPlugins (0ms)
			BeforeProcessingInitializeOnLoad (2ms)
			ProcessInitializeOnLoadAttributes (142ms)
			ProcessInitializeOnLoadMethodAttributes (50ms)
			AfterProcessingInitializeOnLoad (0ms)
			EditorAssembliesLoaded (0ms)
		ExecutionOrderSort2 (0ms)
		AwakeInstancesAfterBackupRestoration (0ms)
========================================================================
Worker process is ready to serve import requests
Begin MonoManager ReloadAssembly
- Loaded All Assemblies, in  0.573 seconds
Refreshing native plugins compatible for Editor in 0.62 ms, found 0 plugins.
Native extension for UWP target not found
Native extension for WindowsStandalone target not found
Native extension for iOS target not found
Native extension for WebGL target not found
Mono: successfully reloaded assembly
- Finished resetting the current domain, in  0.383 seconds
Domain Reload Profiling: 955ms
	BeginReloadAssembly (130ms)
		ExecutionOrderSort (0ms)
		DisableScriptedObjects (6ms)
		BackupInstance (0ms)
		ReleaseScriptingObjects (0ms)
		CreateAndSetChildDomain (22ms)
	RebuildCommonClasses (33ms)
	RebuildNativeTypeToScriptingClass (11ms)
	initialDomainReloadingComplete (41ms)
	LoadAllAssembliesAndSetupDomain (357ms)
		LoadAssemblies (178ms)
		RebuildTransferFunctionScriptingTraits (0ms)
		AnalyzeDomain (238ms)
			TypeCache.Refresh (227ms)
				TypeCache.ScanAssembly (219ms)
			ScanForSourceGeneratedMonoScriptInfo (7ms)
			ResolveRequiredComponents (4ms)
	FinalizeReload (384ms)
		ReleaseScriptCaches (0ms)
		RebuildScriptCaches (0ms)
		SetupLoadedEditorAssemblies (243ms)
			LogAssemblyErrors (0ms)
			InitializePlatformSupportModulesInManaged (25ms)
			SetLoadedEditorAssemblies (4ms)
			RefreshPlugins (0ms)
			BeforeProcessingInitializeOnLoad (42ms)
			ProcessInitializeOnLoadAttributes (135ms)
			ProcessInitializeOnLoadMethodAttributes (32ms)
			AfterProcessingInitializeOnLoad (6ms)
			EditorAssembliesLoaded (0ms)
		ExecutionOrderSort2 (0ms)
		AwakeInstancesAfterBackupRestoration (8ms)
Launched and connected shader compiler UnityShaderCompiler.exe after 0.07 seconds
Refreshing native plugins compatible for Editor in 0.43 ms, found 0 plugins.
Preloading 0 native plugins for Editor in 0.00 ms.
Unloading 1029 Unused Serialized files (Serialized files now loaded: 0)
Unloading 11 unused Assets / (49.9 KB). Loaded Objects now: 1505.
Memory consumption went from 74.4 MB to 74.3 MB.
Total: 3.597400 ms (FindLiveObjects: 0.100300 ms CreateObjectMapping: 0.030400 ms MarkObjects: 3.384700 ms  DeleteObjects: 0.081100 ms)

AssetImportParameters requested are different than current active one (requested -> active):
  custom:video-encoder-webm-vp8: eb34c28f22e8b96e1ab97ce403110664 -> 
  custom:video-decoder-webm-vp8: 9c59270c3fd7afecdb556c50c9e8de78 -> 
  custom:audio-decoder-ogg-vorbis: bf7c407c2cedff20999df2af8eb42d56 -> 
  custom:container-demuxer-ogg: 62fdf1f143b41e24485cea50d1cbac27 -> 
  custom:AudioImporter_EditorPlatform: d09bf68614088b80899f8185d706f6e7 -> 
  custom:CustomObjectIndexerAttribute: 756ad292c208cfabdd7b50bc23989ffe -> 
  custom:container-demuxer-webm: 4f35f7cbe854078d1ac9338744f61a02 -> 
  custom:video-codec-MediaFoundation-h265: 746d11721c4dcdbdad8f713fa42b33f4 -> 
  custom:video-decoder-ogg-theora: a1e56fd34408186e4bbccfd4996cb3dc -> 
  custom:audio-encoder-webm-vorbis: bf7c407c2cedff20999df2af8eb42d56 -> 
  custom:framework-win-MediaFoundation: 216162199b28c13a410421893ffa2e32 -> 
  custom:container-muxer-webm: aa71ff27fc2769a1b78a27578f13a17b -> 
========================================================================
Received Import Request.
  Time since last request: 11223.479597 seconds.
  path: Assets/Models/Mobile/mobile_stair_tile_2_wide.fbx
  artifactKey: Guid(4689530a03070416bb041cfc4145d411) Importer(815301076,1909f56bfc062723c751e8b465ee728b)
Start importing Assets/Models/Mobile/mobile_stair_tile_2_wide.fbx using Guid(4689530a03070416bb041cfc4145d411) Importer(815301076,1909f56bfc062723c751e8b465ee728b)  -> (artifact id: '143850c54b165e2366f5a58c990ccdfa') in 0.207223 seconds
Number of updated asset objects reloaded before import = 0
Number of asset objects unloaded after import = 9
========================================================================
Received Import Request.
  Time since last request: 0.000029 seconds.
  path: Assets/Models/Mobile/mobile_stair_top_2_wide.fbx
  artifactKey: Guid(be3da8b6b1a8144f1845fb3087344d11) Importer(815301076,1909f56bfc062723c751e8b465ee728b)
Start importing Assets/Models/Mobile/mobile_stair_top_2_wide.fbx using Guid(be3da8b6b1a8144f1845fb3087344d11) Importer(815301076,1909f56bfc062723c751e8b465ee728b)  -> (artifact id: '72fd7ef3a2aa522b21e0e45b9113f649') in 0.026663 seconds
Number of updated asset objects reloaded before import = 0
Number of asset objects unloaded after import = 9
========================================================================
Received Import Request.
  Time since last request: 0.000031 seconds.
  path: Assets/Models/Standard/pillar_small_segment.fbx
  artifactKey: Guid(0e9a520b017704fb4b55bd63696fa504) Importer(815301076,1909f56bfc062723c751e8b465ee728b)
Start importing Assets/Models/Standard/pillar_small_segment.fbx using Guid(0e9a520b017704fb4b55bd63696fa504) Importer(815301076,1909f56bfc062723c751e8b465ee728b)  -> (artifact id: 'fc98366847419d1443debc810fdf7143') in 0.025297 seconds
Number of updated asset objects reloaded before import = 0
Number of asset objects unloaded after import = 9
========================================================================
Received Import Request.
  Time since last request: 0.000019 seconds.
  path: Assets/Models/Standard/scaffolding_07.fbx
  artifactKey: Guid(10cc227d52cf14f74ae686ea679dd997) Importer(815301076,1909f56bfc062723c751e8b465ee728b)
Start importing Assets/Models/Standard/scaffolding_07.fbx using Guid(10cc227d52cf14f74ae686ea679dd997) Importer(815301076,1909f56bfc062723c751e8b465ee728b)  -> (artifact id: '27800e3e02a40a217e62d6cf51ad5ff9') in 0.023306 seconds
Number of updated asset objects reloaded before import = 0
Number of asset objects unloaded after import = 9
========================================================================
Received Import Request.
  Time since last request: 0.000024 seconds.
  path: Assets/Models/Mobile/mobile_wood_plank_01.fbx
  artifactKey: Guid(9ad3d606b56ce4d0a92f009191be0d6c) Importer(815301076,1909f56bfc062723c751e8b465ee728b)
Start importing Assets/Models/Mobile/mobile_wood_plank_01.fbx using Guid(9ad3d606b56ce4d0a92f009191be0d6c) Importer(815301076,1909f56bfc062723c751e8b465ee728b)  -> (artifact id: 'a9adf1774b91419dfc8ee63e80ffc802') in 0.020384 seconds
Number of updated asset objects reloaded before import = 0
Number of asset objects unloaded after import = 9
========================================================================
Received Import Request.
  Time since last request: 0.000021 seconds.
  path: Assets/Models/Mobile/mobile_tree_02.fbx
  artifactKey: Guid(9124851aa09894c5899db5d4f23e76a3) Importer(815301076,1909f56bfc062723c751e8b465ee728b)
Start importing Assets/Models/Mobile/mobile_tree_02.fbx using Guid(9124851aa09894c5899db5d4f23e76a3) Importer(815301076,1909f56bfc062723c751e8b465ee728b)  -> (artifact id: 'e1549f674773abb4392cc7e3bf226167') in 0.410464 seconds
Number of updated asset objects reloaded before import = 0
Number of asset objects unloaded after import = 16
========================================================================
Received Import Request.
  Time since last request: 0.000470 seconds.
  path: Assets/Models/Standard/step_wall_01.fbx
  artifactKey: Guid(2a51e8a3118af4e45b5ac4bf87fb0ad0) Importer(815301076,1909f56bfc062723c751e8b465ee728b)
Start importing Assets/Models/Standard/step_wall_01.fbx using Guid(2a51e8a3118af4e45b5ac4bf87fb0ad0) Importer(815301076,1909f56bfc062723c751e8b465ee728b)  -> (artifact id: '87ad8f56ce091dd8e1e9ae0c9ccea359') in 0.026162 seconds
Number of updated asset objects reloaded before import = 0
Number of asset objects unloaded after import = 9
========================================================================
Received Import Request.
  Time since last request: 0.000026 seconds.
  path: Assets/Models/Standard/skull_01_b.fbx
  artifactKey: Guid(e6e90eca46f5e4523a634e59c10184dd) Importer(815301076,1909f56bfc062723c751e8b465ee728b)
Start importing Assets/Models/Standard/skull_01_b.fbx using Guid(e6e90eca46f5e4523a634e59c10184dd) Importer(815301076,1909f56bfc062723c751e8b465ee728b)  -> (artifact id: 'faf83d05add3dcca61583ff1d99c4665') in 0.023343 seconds
Number of updated asset objects reloaded before import = 0
Number of asset objects unloaded after import = 9
========================================================================
Received Import Request.
  Time since last request: 0.000022 seconds.
  path: Assets/Models/Mobile/mobile_stone_head_01.fbx
  artifactKey: Guid(88be5c08fb6f2441584c411d0536c847) Importer(815301076,1909f56bfc062723c751e8b465ee728b)
Start importing Assets/Models/Mobile/mobile_stone_head_01.fbx using Guid(88be5c08fb6f2441584c411d0536c847) Importer(815301076,1909f56bfc062723c751e8b465ee728b)  -> (artifact id: '5545c13eb1694f38c4ffae716e0f23cf') in 0.022087 seconds
Number of updated asset objects reloaded before import = 0
Number of asset objects unloaded after import = 9
========================================================================
Received Import Request.
  Time since last request: 0.000022 seconds.
  path: Assets/Models/Standard/vines_01.fbx
  artifactKey: Guid(fa22a43ec6d9f40d7bc2e2af88fe2ffc) Importer(815301076,1909f56bfc062723c751e8b465ee728b)
Start importing Assets/Models/Standard/vines_01.fbx using Guid(fa22a43ec6d9f40d7bc2e2af88fe2ffc) Importer(815301076,1909f56bfc062723c751e8b465ee728b)  -> (artifact id: 'f16de91d1014f53aa245a9778d429346') in 0.019185 seconds
Number of updated asset objects reloaded before import = 0
Number of asset objects unloaded after import = 9
========================================================================
Received Import Request.
  Time since last request: 0.000025 seconds.
  path: Assets/Models/Standard/vines_02.fbx
  artifactKey: Guid(e35efc603e19d4b20b3e632f538554e4) Importer(815301076,1909f56bfc062723c751e8b465ee728b)
Start importing Assets/Models/Standard/vines_02.fbx using Guid(e35efc603e19d4b20b3e632f538554e4) Importer(815301076,1909f56bfc062723c751e8b465ee728b)  -> (artifact id: '0d33c924dc4e61a2b9afdcfc6ab2e238') in 0.022453 seconds
Number of updated asset objects reloaded before import = 0
Number of asset objects unloaded after import = 9
========================================================================
Received Import Request.
  Time since last request: 0.000024 seconds.
  path: Assets/Models/Standard/stair_bottom_2_wide.fbx
  artifactKey: Guid(2f0f74f253b28473ca7694766da93eef) Importer(815301076,1909f56bfc062723c751e8b465ee728b)
Start importing Assets/Models/Standard/stair_bottom_2_wide.fbx using Guid(2f0f74f253b28473ca7694766da93eef) Importer(815301076,1909f56bfc062723c751e8b465ee728b)  -> (artifact id: '961313865aa6d6d355b6155505f8657f') in 0.021942 seconds
Number of updated asset objects reloaded before import = 0
Number of asset objects unloaded after import = 9
========================================================================
Received Import Request.
  Time since last request: 0.000035 seconds.
  path: Assets/Models/Mobile/mobile_wall_02.fbx
  artifactKey: Guid(f031140cc837242f3a918e903c58d86a) Importer(815301076,1909f56bfc062723c751e8b465ee728b)
Start importing Assets/Models/Mobile/mobile_wall_02.fbx using Guid(f031140cc837242f3a918e903c58d86a) Importer(815301076,1909f56bfc062723c751e8b465ee728b)  -> (artifact id: 'd0a77e0a559e36697956fd939d40d456') in 0.023308 seconds
Number of updated asset objects reloaded before import = 0
Number of asset objects unloaded after import = 9
========================================================================
Received Import Request.
  Time since last request: 0.000159 seconds.
  path: Assets/Models/Standard/wall_01.fbx
  artifactKey: Guid(71ff3e134ec38457bb06fc08197a8c80) Importer(815301076,1909f56bfc062723c751e8b465ee728b)
Start importing Assets/Models/Standard/wall_01.fbx using Guid(71ff3e134ec38457bb06fc08197a8c80) Importer(815301076,1909f56bfc062723c751e8b465ee728b)  -> (artifact id: '6f351828a129d5f346fcc6cc415a0beb') in 0.025185 seconds
Number of updated asset objects reloaded before import = 0
Number of asset objects unloaded after import = 9
========================================================================
Received Import Request.
  Time since last request: 0.000024 seconds.
  path: Assets/Models/Standard/scaffolding_01.fbx
  artifactKey: Guid(7ca90387954dd44709732e3ac1a81bcc) Importer(815301076,1909f56bfc062723c751e8b465ee728b)
Start importing Assets/Models/Standard/scaffolding_01.fbx using Guid(7ca90387954dd44709732e3ac1a81bcc) Importer(815301076,1909f56bfc062723c751e8b465ee728b)  -> (artifact id: '9517a34da2176e7171904cb8538e2346') in 0.025787 seconds
Number of updated asset objects reloaded before import = 0
Number of asset objects unloaded after import = 9
========================================================================
Received Import Request.
  Time since last request: 0.000028 seconds.
  path: Assets/Models/Standard/step_wall_pillar.fbx
  artifactKey: Guid(9e13051c65102411e949827b8ab5fe2e) Importer(815301076,1909f56bfc062723c751e8b465ee728b)
Start importing Assets/Models/Standard/step_wall_pillar.fbx using Guid(9e13051c65102411e949827b8ab5fe2e) Importer(815301076,1909f56bfc062723c751e8b465ee728b)  -> (artifact id: 'b1165a7913df2f76776cff20c36b54fa') in 0.022779 seconds
Number of updated asset objects reloaded before import = 0
Number of asset objects unloaded after import = 9
========================================================================
Received Import Request.
  Time since last request: 418.444609 seconds.
  path: Assets/TextMesh Pro/Resources/Fonts & Materials/LiberationSans SDF - Drop Shadow.mat
  artifactKey: Guid(e73a58f6e2794ae7b1b7e50b7fb811b0) Importer(815301076,1909f56bfc062723c751e8b465ee728b)
Start importing Assets/TextMesh Pro/Resources/Fonts & Materials/LiberationSans SDF - Drop Shadow.mat using Guid(e73a58f6e2794ae7b1b7e50b7fb811b0) Importer(815301076,1909f56bfc062723c751e8b465ee728b)  -> (artifact id: '8c581e7fcb2a416530afffd6d9a3e0a3') in 0.176632 seconds
Number of updated asset objects reloaded before import = 0
Number of asset objects unloaded after import = 2
========================================================================
Received Import Request.
  Time since last request: 0.000051 seconds.
  path: Assets/TextMesh Pro/Resources/Fonts & Materials/LiberationSans SDF.asset
  artifactKey: Guid(8f586378b4e144a9851e7b34d9b748ee) Importer(815301076,1909f56bfc062723c751e8b465ee728b)
Start importing Assets/TextMesh Pro/Resources/Fonts & Materials/LiberationSans SDF.asset using Guid(8f586378b4e144a9851e7b34d9b748ee) Importer(815301076,1909f56bfc062723c751e8b465ee728b)  -> (artifact id: '8769d31cf9e5c1c546fe99c5179dd4d8') in 0.090490 seconds
Number of updated asset objects reloaded before import = 0
Number of asset objects unloaded after import = 9
========================================================================
Received Import Request.
  Time since last request: 45.729195 seconds.
  path: Assets/Textures/dungeon_set_02_atlas_alpha.tga
  artifactKey: Guid(0907ca786db104c40a483fae449a615c) Importer(2089858483,0ecaa5967403d082aa24f35e1b516d23)
Start importing Assets/Textures/dungeon_set_02_atlas_alpha.tga using Guid(0907ca786db104c40a483fae449a615c) Importer(2089858483,0ecaa5967403d082aa24f35e1b516d23) Generated GUIDs only implemented for interfaces!
 -> (artifact id: '8fd50c0fd564cd212804d1ecd545fc5f') in 0.307521 seconds
Number of updated asset objects reloaded before import = 0
Number of asset objects unloaded after import = 1
========================================================================
Received Import Request.
  Time since last request: 0.000026 seconds.
  path: Assets/Models/Standard/floor_divider_02.fbx
  artifactKey: Guid(be9408152b4e94e16bd963078caa1e4f) Importer(2089858483,0ecaa5967403d082aa24f35e1b516d23)
Start importing Assets/Models/Standard/floor_divider_02.fbx using Guid(be9408152b4e94e16bd963078caa1e4f) Importer(2089858483,0ecaa5967403d082aa24f35e1b516d23) Generated GUIDs only implemented for interfaces!
 -> (artifact id: 'ea826e91d954f9d8a690446950b75a54') in 0.058859 seconds
Number of updated asset objects reloaded before import = 0
Number of asset objects unloaded after import = 9
========================================================================
Received Import Request.
  Time since last request: 0.000035 seconds.
  path: Assets/Models/Standard/entrance.fbx
  artifactKey: Guid(2b2af3e1596eb42ff8bf06f03787fae8) Importer(2089858483,0ecaa5967403d082aa24f35e1b516d23)
Start importing Assets/Models/Standard/entrance.fbx using Guid(2b2af3e1596eb42ff8bf06f03787fae8) Importer(2089858483,0ecaa5967403d082aa24f35e1b516d23) Generated GUIDs only implemented for interfaces!
 -> (artifact id: 'c70b0fda374bccab9475f338e9905c07') in 0.023759 seconds
Number of updated asset objects reloaded before import = 0
Number of asset objects unloaded after import = 9
========================================================================
Received Import Request.
  Time since last request: 0.000023 seconds.
  path: Assets/Models/Mobile/mobile_floor_divider_01.fbx
  artifactKey: Guid(3e537e0bea1b0497e8bd0041c6591ab1) Importer(2089858483,0ecaa5967403d082aa24f35e1b516d23)
Start importing Assets/Models/Mobile/mobile_floor_divider_01.fbx using Guid(3e537e0bea1b0497e8bd0041c6591ab1) Importer(2089858483,0ecaa5967403d082aa24f35e1b516d23) Generated GUIDs only implemented for interfaces!
 -> (artifact id: '0aa9d198b93ad912a17a14349920f116') in 0.027263 seconds
Number of updated asset objects reloaded before import = 0
Number of asset objects unloaded after import = 9
========================================================================
Received Import Request.
  Time since last request: 0.000020 seconds.
  path: Assets/Models/Standard/lower_wall_concave.fbx
  artifactKey: Guid(8572b273ac2944792bcdb6dfb9e77ddc) Importer(2089858483,0ecaa5967403d082aa24f35e1b516d23)
Start importing Assets/Models/Standard/lower_wall_concave.fbx using Guid(8572b273ac2944792bcdb6dfb9e77ddc) Importer(2089858483,0ecaa5967403d082aa24f35e1b516d23) Generated GUIDs only implemented for interfaces!
 -> (artifact id: 'b91a2e4d8625cd3a643e682bd0752754') in 0.027442 seconds
Number of updated asset objects reloaded before import = 0
Number of asset objects unloaded after import = 9
========================================================================
Received Import Request.
  Time since last request: 0.000021 seconds.
  path: Assets/Models/Mobile/mobile_pillar_03.fbx
  artifactKey: Guid(a9da9b288b5bc4d7797ddd9bd033dfb0) Importer(2089858483,0ecaa5967403d082aa24f35e1b516d23)
Start importing Assets/Models/Mobile/mobile_pillar_03.fbx using Guid(a9da9b288b5bc4d7797ddd9bd033dfb0) Importer(2089858483,0ecaa5967403d082aa24f35e1b516d23) Generated GUIDs only implemented for interfaces!
 -> (artifact id: '014f4168c89f2940c7fbb538a8840b78') in 0.028067 seconds
Number of updated asset objects reloaded before import = 0
Number of asset objects unloaded after import = 9
========================================================================
Received Import Request.
  Time since last request: 0.000019 seconds.
  path: Assets/Textures/floor_tile_03.tga
  artifactKey: Guid(60c4d1fe07de94639ad3f02dab685748) Importer(2089858483,0ecaa5967403d082aa24f35e1b516d23)
Start importing Assets/Textures/floor_tile_03.tga using Guid(60c4d1fe07de94639ad3f02dab685748) Importer(2089858483,0ecaa5967403d082aa24f35e1b516d23) Generated GUIDs only implemented for interfaces!
 -> (artifact id: '2c0f93dc1727d04b113c308b62e95840') in 0.027939 seconds
Number of updated asset objects reloaded before import = 0
Number of asset objects unloaded after import = 1
========================================================================
Received Import Request.
  Time since last request: 0.000019 seconds.
  path: Assets/Models/Standard/floor_03_plane.fbx
  artifactKey: Guid(b805345886b9349b0ac6afb2113a2c7a) Importer(2089858483,0ecaa5967403d082aa24f35e1b516d23)
Start importing Assets/Models/Standard/floor_03_plane.fbx using Guid(b805345886b9349b0ac6afb2113a2c7a) Importer(2089858483,0ecaa5967403d082aa24f35e1b516d23) Generated GUIDs only implemented for interfaces!
 -> (artifact id: 'b7e748cdc6ef0c7db6b91b79a81da1c3') in 0.029197 seconds
Number of updated asset objects reloaded before import = 0
Number of asset objects unloaded after import = 9
========================================================================
Received Import Request.
  Time since last request: 0.000099 seconds.
  path: Assets/Textures/floor_tile_01.tga
  artifactKey: Guid(9d8dc70b7c49848dba129335da7aba32) Importer(2089858483,0ecaa5967403d082aa24f35e1b516d23)
Start importing Assets/Textures/floor_tile_01.tga using Guid(9d8dc70b7c49848dba129335da7aba32) Importer(2089858483,0ecaa5967403d082aa24f35e1b516d23) Generated GUIDs only implemented for interfaces!
 -> (artifact id: '1a24db4a1a4be8aebab31792da07f538') in 0.031738 seconds
Number of updated asset objects reloaded before import = 0
Number of asset objects unloaded after import = 1
========================================================================
Received Import Request.
  Time since last request: 0.000022 seconds.
  path: Assets/Models/Mobile/mobile_pillar_small_top.fbx
  artifactKey: Guid(ac438fb0d5e65448dbe3262cb175d759) Importer(2089858483,0ecaa5967403d082aa24f35e1b516d23)
Start importing Assets/Models/Mobile/mobile_pillar_small_top.fbx using Guid(ac438fb0d5e65448dbe3262cb175d759) Importer(2089858483,0ecaa5967403d082aa24f35e1b516d23) Generated GUIDs only implemented for interfaces!
 -> (artifact id: '69e44ee26cd24395e7cffdea651f4493') in 0.028427 seconds
Number of updated asset objects reloaded before import = 0
Number of asset objects unloaded after import = 9
========================================================================
Received Import Request.
  Time since last request: 0.000023 seconds.
  path: Assets/_Scenes/DarkScene.unity
  artifactKey: Guid(c4aff71308de9c54e9414ace65a6fc0e) Importer(2089858483,0ecaa5967403d082aa24f35e1b516d23)
Start importing Assets/_Scenes/DarkScene.unity using Guid(c4aff71308de9c54e9414ace65a6fc0e) Importer(2089858483,0ecaa5967403d082aa24f35e1b516d23) Generated GUIDs only implemented for interfaces!
 -> (artifact id: '06aa6b490faef1c1d72dabea61555140') in 0.004276 seconds
Number of updated asset objects reloaded before import = 0
Number of asset objects unloaded after import = 1
========================================================================
Received Import Request.
  Time since last request: 0.000074 seconds.
  path: Assets/Models/Mobile/mobile_wall_01.fbx
  artifactKey: Guid(7ad42861be7c24b1fb9c8a874fff9133) Importer(2089858483,0ecaa5967403d082aa24f35e1b516d23)
Start importing Assets/Models/Mobile/mobile_wall_01.fbx using Guid(7ad42861be7c24b1fb9c8a874fff9133) Importer(2089858483,0ecaa5967403d082aa24f35e1b516d23) Generated GUIDs only implemented for interfaces!
 -> (artifact id: '72678ece85089064973bc02e78afcdb6') in 0.027333 seconds
Number of updated asset objects reloaded before import = 0
Number of asset objects unloaded after import = 9
========================================================================
Received Import Request.
  Time since last request: 0.000019 seconds.
  path: Assets/Models/Mobile/desktop.ini
  artifactKey: Guid(0e07fdaa5e6b544d4843db11a29c1cc2) Importer(2089858483,0ecaa5967403d082aa24f35e1b516d23)
Start importing Assets/Models/Mobile/desktop.ini using Guid(0e07fdaa5e6b544d4843db11a29c1cc2) Importer(2089858483,0ecaa5967403d082aa24f35e1b516d23) Generated GUIDs only implemented for interfaces!
 -> (artifact id: '5c9884baec1f7d85aed450954a316800') in 0.004414 seconds
Number of updated asset objects reloaded before import = 0
Number of asset objects unloaded after import = 1
========================================================================
Received Import Request.
  Time since last request: 0.000078 seconds.
  path: Assets/Models/Standard/lower_wall_convex.fbx
  artifactKey: Guid(5451cb8c0b0b94e2aaf8b0c7f04598fd) Importer(2089858483,0ecaa5967403d082aa24f35e1b516d23)
Start importing Assets/Models/Standard/lower_wall_convex.fbx using Guid(5451cb8c0b0b94e2aaf8b0c7f04598fd) Importer(2089858483,0ecaa5967403d082aa24f35e1b516d23) Generated GUIDs only implemented for interfaces!
 -> (artifact id: 'eba34ba6351afba634f2377ae607e278') in 0.032100 seconds
Number of updated asset objects reloaded before import = 0
Number of asset objects unloaded after import = 9
========================================================================
Received Import Request.
  Time since last request: 0.000019 seconds.
  path: Assets/Models/Standard/floor_01.fbx
  artifactKey: Guid(bffccba9d5a1841c6a46a262528da625) Importer(2089858483,0ecaa5967403d082aa24f35e1b516d23)
Start importing Assets/Models/Standard/floor_01.fbx using Guid(bffccba9d5a1841c6a46a262528da625) Importer(2089858483,0ecaa5967403d082aa24f35e1b516d23) Generated GUIDs only implemented for interfaces!
 -> (artifact id: 'cfccf226e217f3ed19be9f6b07c8c936') in 0.029595 seconds
Number of updated asset objects reloaded before import = 0
Number of asset objects unloaded after import = 9
========================================================================
Received Import Request.
  Time since last request: 0.000049 seconds.
  path: Assets/Models/Mobile/mobile_pole_04.fbx
  artifactKey: Guid(077a485fec75e4636b175f3e74994128) Importer(2089858483,0ecaa5967403d082aa24f35e1b516d23)
Start importing Assets/Models/Mobile/mobile_pole_04.fbx using Guid(077a485fec75e4636b175f3e74994128) Importer(2089858483,0ecaa5967403d082aa24f35e1b516d23) Generated GUIDs only implemented for interfaces!
 -> (artifact id: 'e294123b9307beb0d4927e59a0f66b90') in 0.124982 seconds
Number of updated asset objects reloaded before import = 0
Number of asset objects unloaded after import = 9
========================================================================
Received Import Request.
  Time since last request: 0.000022 seconds.
  path: Assets/Models/Mobile/mobile_wood_plank_05.fbx
  artifactKey: Guid(1aae6cdffc2dc41e984a61a516ccac6f) Importer(2089858483,0ecaa5967403d082aa24f35e1b516d23)
Start importing Assets/Models/Mobile/mobile_wood_plank_05.fbx using Guid(1aae6cdffc2dc41e984a61a516ccac6f) Importer(2089858483,0ecaa5967403d082aa24f35e1b516d23) Generated GUIDs only implemented for interfaces!
 -> (artifact id: 'bf82e3cba49e5be9c83d230e0bac1484') in 0.031806 seconds
Number of updated asset objects reloaded before import = 0
Number of asset objects unloaded after import = 9
========================================================================
Received Import Request.
  Time since last request: 0.000030 seconds.
  path: Assets/Models/Standard/floor_divider_hub.fbx
  artifactKey: Guid(e8c9c3a0916c040aeb5a6742dd6efca1) Importer(2089858483,0ecaa5967403d082aa24f35e1b516d23)
Start importing Assets/Models/Standard/floor_divider_hub.fbx using Guid(e8c9c3a0916c040aeb5a6742dd6efca1) Importer(2089858483,0ecaa5967403d082aa24f35e1b516d23) Generated GUIDs only implemented for interfaces!
 -> (artifact id: 'b7d8889ba2d45ef24d52e1a174e4dd42') in 0.026191 seconds
Number of updated asset objects reloaded before import = 0
Number of asset objects unloaded after import = 9
========================================================================
Received Import Request.
  Time since last request: 0.000020 seconds.
  path: Assets/Models/Standard/pillar_03.fbx
  artifactKey: Guid(5e8cd25b1cee143a08e1514c52c052ef) Importer(2089858483,0ecaa5967403d082aa24f35e1b516d23)
Start importing Assets/Models/Standard/pillar_03.fbx using Guid(5e8cd25b1cee143a08e1514c52c052ef) Importer(2089858483,0ecaa5967403d082aa24f35e1b516d23) Generated GUIDs only implemented for interfaces!
 -> (artifact id: 'e876b6b8e919b0df7df371d70509ecc1') in 0.026965 seconds
Number of updated asset objects reloaded before import = 0
Number of asset objects unloaded after import = 9
========================================================================
Received Import Request.
  Time since last request: 0.000021 seconds.
  path: Assets/Models/Mobile/mobile_wall_02.fbx
  artifactKey: Guid(f031140cc837242f3a918e903c58d86a) Importer(2089858483,0ecaa5967403d082aa24f35e1b516d23)
Start importing Assets/Models/Mobile/mobile_wall_02.fbx using Guid(f031140cc837242f3a918e903c58d86a) Importer(2089858483,0ecaa5967403d082aa24f35e1b516d23) Generated GUIDs only implemented for interfaces!
 -> (artifact id: '3825e2bd49ff3e37af54cdc52537a5a7') in 0.030109 seconds
Number of updated asset objects reloaded before import = 0
Number of asset objects unloaded after import = 9
========================================================================
Received Import Request.
  Time since last request: 0.000021 seconds.
  path: Assets/Models/Mobile/mobile_lower_wall_tile.fbx
  artifactKey: Guid(db8a8a84ebfbc4d3a8ee88965ea9e767) Importer(2089858483,0ecaa5967403d082aa24f35e1b516d23)
Start importing Assets/Models/Mobile/mobile_lower_wall_tile.fbx using Guid(db8a8a84ebfbc4d3a8ee88965ea9e767) Importer(2089858483,0ecaa5967403d082aa24f35e1b516d23) Generated GUIDs only implemented for interfaces!
 -> (artifact id: 'ece140a0c66571dae80fe15774cffbdd') in 0.025706 seconds
Number of updated asset objects reloaded before import = 0
Number of asset objects unloaded after import = 9
========================================================================
Received Import Request.
  Time since last request: 0.000025 seconds.
  path: Assets/Models/Standard/pillar_small_segment.fbx
  artifactKey: Guid(0e9a520b017704fb4b55bd63696fa504) Importer(2089858483,0ecaa5967403d082aa24f35e1b516d23)
Start importing Assets/Models/Standard/pillar_small_segment.fbx using Guid(0e9a520b017704fb4b55bd63696fa504) Importer(2089858483,0ecaa5967403d082aa24f35e1b516d23) Generated GUIDs only implemented for interfaces!
 -> (artifact id: 'c4cb21912bb23b459e3fbc1d4852cc0d') in 0.027068 seconds
Number of updated asset objects reloaded before import = 0
Number of asset objects unloaded after import = 9
========================================================================
Received Import Request.
  Time since last request: 0.000224 seconds.
  path: Assets/Models/Mobile/mobile_wall_corner_x.fbx
  artifactKey: Guid(48f8b818b26804261b109fdc027add74) Importer(2089858483,0ecaa5967403d082aa24f35e1b516d23)
Start importing Assets/Models/Mobile/mobile_wall_corner_x.fbx using Guid(48f8b818b26804261b109fdc027add74) Importer(2089858483,0ecaa5967403d082aa24f35e1b516d23) Generated GUIDs only implemented for interfaces!
 -> (artifact id: 'a674f4bfc9c17ba1964b642cbd28778b') in 0.035466 seconds
Number of updated asset objects reloaded before import = 0
Number of asset objects unloaded after import = 9
========================================================================
Received Import Request.
  Time since last request: 0.000019 seconds.
  path: Assets/Models/Standard/skull_01.fbx
  artifactKey: Guid(2121dc750b06f476a96ed5f1d2e7d1bb) Importer(2089858483,0ecaa5967403d082aa24f35e1b516d23)
Start importing Assets/Models/Standard/skull_01.fbx using Guid(2121dc750b06f476a96ed5f1d2e7d1bb) Importer(2089858483,0ecaa5967403d082aa24f35e1b516d23) Generated GUIDs only implemented for interfaces!
 -> (artifact id: '1ccd1ef57453584013109bbcfc1178d0') in 0.029747 seconds
Number of updated asset objects reloaded before import = 0
Number of asset objects unloaded after import = 9
========================================================================
Received Import Request.
  Time since last request: 0.000094 seconds.
  path: Assets/TextMesh Pro/Shaders/TMP_SDF-Mobile Overlay.shader
  artifactKey: Guid(a02a7d8c237544f1962732b55a9aebf1) Importer(2089858483,0ecaa5967403d082aa24f35e1b516d23)
Start importing Assets/TextMesh Pro/Shaders/TMP_SDF-Mobile Overlay.shader using Guid(a02a7d8c237544f1962732b55a9aebf1) Importer(2089858483,0ecaa5967403d082aa24f35e1b516d23) Generated GUIDs only implemented for interfaces!
 -> (artifact id: '9a1770019d08a82bcf698209586257db') in 0.019205 seconds
Number of updated asset objects reloaded before import = 0
Number of asset objects unloaded after import = 1
========================================================================
Received Import Request.
  Time since last request: 0.000062 seconds.
  path: Assets/Models/Standard/stone_head_01.fbx
  artifactKey: Guid(3d20e15dc06b74dce8c71fd6f27cb068) Importer(2089858483,0ecaa5967403d082aa24f35e1b516d23)
Start importing Assets/Models/Standard/stone_head_01.fbx using Guid(3d20e15dc06b74dce8c71fd6f27cb068) Importer(2089858483,0ecaa5967403d082aa24f35e1b516d23) Generated GUIDs only implemented for interfaces!
 -> (artifact id: 'bab8598953cdbeda84f4cddf53c244a2') in 0.027866 seconds
Number of updated asset objects reloaded before import = 0
Number of asset objects unloaded after import = 9
========================================================================
Received Import Request.
  Time since last request: 0.000019 seconds.
  path: Assets/Models/Standard/vines_02.fbx
  artifactKey: Guid(e35efc603e19d4b20b3e632f538554e4) Importer(2089858483,0ecaa5967403d082aa24f35e1b516d23)
Start importing Assets/Models/Standard/vines_02.fbx using Guid(e35efc603e19d4b20b3e632f538554e4) Importer(2089858483,0ecaa5967403d082aa24f35e1b516d23) Generated GUIDs only implemented for interfaces!
 -> (artifact id: 'fea00c8df07179b1cc8b2fb29d6fb1e1') in 0.027586 seconds
Number of updated asset objects reloaded before import = 0
Number of asset objects unloaded after import = 9
========================================================================
Received Import Request.
  Time since last request: 0.000018 seconds.
  path: Assets/Models/Standard/vines_01.fbx
  artifactKey: Guid(fa22a43ec6d9f40d7bc2e2af88fe2ffc) Importer(2089858483,0ecaa5967403d082aa24f35e1b516d23)
Start importing Assets/Models/Standard/vines_01.fbx using Guid(fa22a43ec6d9f40d7bc2e2af88fe2ffc) Importer(2089858483,0ecaa5967403d082aa24f35e1b516d23) Generated GUIDs only implemented for interfaces!
 -> (artifact id: '9b8099fd7c090d597b89f3b10190fb68') in 0.040973 seconds
Number of updated asset objects reloaded before import = 0
Number of asset objects unloaded after import = 9
========================================================================
Received Import Request.
  Time since last request: 0.000195 seconds.
  path: Assets/TextMesh Pro/Shaders/TMP_Bitmap.shader
  artifactKey: Guid(128e987d567d4e2c824d754223b3f3b0) Importer(2089858483,0ecaa5967403d082aa24f35e1b516d23)
Start importing Assets/TextMesh Pro/Shaders/TMP_Bitmap.shader using Guid(128e987d567d4e2c824d754223b3f3b0) Importer(2089858483,0ecaa5967403d082aa24f35e1b516d23) Generated GUIDs only implemented for interfaces!
 -> (artifact id: 'a67067a0ac36efc97626fde1aec366fe') in 0.008688 seconds
Number of updated asset objects reloaded before import = 0
Number of asset objects unloaded after import = 1
========================================================================
Received Import Request.
  Time since last request: 0.000055 seconds.
  path: Assets/Models/Standard/tree_02.fbx
  artifactKey: Guid(e8a219645bf8d443584a125df1f38169) Importer(2089858483,0ecaa5967403d082aa24f35e1b516d23)
Start importing Assets/Models/Standard/tree_02.fbx using Guid(e8a219645bf8d443584a125df1f38169) Importer(2089858483,0ecaa5967403d082aa24f35e1b516d23) Generated GUIDs only implemented for interfaces!
 -> (artifact id: 'ac1b1d46fe7f93de99dc0a4a3b8c4283') in 0.049168 seconds
Number of updated asset objects reloaded before import = 0
Number of asset objects unloaded after import = 16
========================================================================
Received Import Request.
  Time since last request: 0.000020 seconds.
  path: Assets/Models/Mobile/mobile_tree_02.fbx
  artifactKey: Guid(9124851aa09894c5899db5d4f23e76a3) Importer(2089858483,0ecaa5967403d082aa24f35e1b516d23)
Start importing Assets/Models/Mobile/mobile_tree_02.fbx using Guid(9124851aa09894c5899db5d4f23e76a3) Importer(2089858483,0ecaa5967403d082aa24f35e1b516d23) Generated GUIDs only implemented for interfaces!
 -> (artifact id: 'f8ecf7a116333becf72f5df4df365620') in 0.037419 seconds
Number of updated asset objects reloaded before import = 0
Number of asset objects unloaded after import = 16
========================================================================
Received Import Request.
  Time since last request: 0.000065 seconds.
  path: Assets/Models/Standard/step_wall_corner_concave.fbx
  artifactKey: Guid(2b5891e84cddc409c85a645169b339d5) Importer(2089858483,0ecaa5967403d082aa24f35e1b516d23)
Start importing Assets/Models/Standard/step_wall_corner_concave.fbx using Guid(2b5891e84cddc409c85a645169b339d5) Importer(2089858483,0ecaa5967403d082aa24f35e1b516d23) Generated GUIDs only implemented for interfaces!
 -> (artifact id: 'e8589fa74978941b23f8c1c656473a2a') in 0.037725 seconds
Number of updated asset objects reloaded before import = 0
Number of asset objects unloaded after import = 9
========================================================================
Received Import Request.
  Time since last request: 0.000029 seconds.
  path: Assets/Models/Mobile/mobile_stone_head_01.fbx
  artifactKey: Guid(88be5c08fb6f2441584c411d0536c847) Importer(2089858483,0ecaa5967403d082aa24f35e1b516d23)
Start importing Assets/Models/Mobile/mobile_stone_head_01.fbx using Guid(88be5c08fb6f2441584c411d0536c847) Importer(2089858483,0ecaa5967403d082aa24f35e1b516d23) Generated GUIDs only implemented for interfaces!
 -> (artifact id: '73e1e51795e02cf6a1984bfe9e00e8e9') in 0.033487 seconds
Number of updated asset objects reloaded before import = 0
Number of asset objects unloaded after import = 9
========================================================================
Received Import Request.
  Time since last request: 0.000022 seconds.
  path: Assets/TextMesh Pro/Shaders/TMP_SDF-Mobile SSD.shader
  artifactKey: Guid(c8d12adcee749c344b8117cf7c7eb912) Importer(2089858483,0ecaa5967403d082aa24f35e1b516d23)
Start importing Assets/TextMesh Pro/Shaders/TMP_SDF-Mobile SSD.shader using Guid(c8d12adcee749c344b8117cf7c7eb912) Importer(2089858483,0ecaa5967403d082aa24f35e1b516d23) Generated GUIDs only implemented for interfaces!
 -> (artifact id: '21bed9cddc7556f208ee607ec54a44c2') in 0.061412 seconds
Number of updated asset objects reloaded before import = 0
Number of asset objects unloaded after import = 1
========================================================================
Received Import Request.
  Time since last request: 0.000160 seconds.
  path: Assets/TextMesh Pro/Resources/LineBreaking Following Characters.txt
  artifactKey: Guid(fade42e8bc714b018fac513c043d323b) Importer(2089858483,0ecaa5967403d082aa24f35e1b516d23)
Start importing Assets/TextMesh Pro/Resources/LineBreaking Following Characters.txt using Guid(fade42e8bc714b018fac513c043d323b) Importer(2089858483,0ecaa5967403d082aa24f35e1b516d23) Generated GUIDs only implemented for interfaces!
 -> (artifact id: 'ff7ec70564a822939f686e0020e57131') in 0.007503 seconds
Number of updated asset objects reloaded before import = 0
Number of asset objects unloaded after import = 1
========================================================================
Received Import Request.
  Time since last request: 0.000020 seconds.
  path: Assets/_Scenes/TempleScene.unity
  artifactKey: Guid(ad7e6ee00eb5f4bdaa07e9e44d1d9e2e) Importer(2089858483,0ecaa5967403d082aa24f35e1b516d23)
Start importing Assets/_Scenes/TempleScene.unity using Guid(ad7e6ee00eb5f4bdaa07e9e44d1d9e2e) Importer(2089858483,0ecaa5967403d082aa24f35e1b516d23) Generated GUIDs only implemented for interfaces!
 -> (artifact id: '225196209f9a91d39ff503cb527c81c8') in 0.006652 seconds
Number of updated asset objects reloaded before import = 0
Number of asset objects unloaded after import = 1
========================================================================
Received Import Request.
  Time since last request: 0.000056 seconds.
  path: Assets/Models/Mobile/mobile_step_wall_corner_concave.fbx
  artifactKey: Guid(35459aa9783b942a3b0bcfed5308ec31) Importer(2089858483,0ecaa5967403d082aa24f35e1b516d23)
Start importing Assets/Models/Mobile/mobile_step_wall_corner_concave.fbx using Guid(35459aa9783b942a3b0bcfed5308ec31) Importer(2089858483,0ecaa5967403d082aa24f35e1b516d23) Generated GUIDs only implemented for interfaces!
 -> (artifact id: '90504a4a2d8340248717d8394f4d7106') in 0.042467 seconds
Number of updated asset objects reloaded before import = 0
Number of asset objects unloaded after import = 9
========================================================================
Received Import Request.
  Time since last request: 0.000020 seconds.
  path: Assets/TextMesh Pro/Shaders/TMP_SDF-Mobile.shader
  artifactKey: Guid(fe393ace9b354375a9cb14cdbbc28be4) Importer(2089858483,0ecaa5967403d082aa24f35e1b516d23)
Start importing Assets/TextMesh Pro/Shaders/TMP_SDF-Mobile.shader using Guid(fe393ace9b354375a9cb14cdbbc28be4) Importer(2089858483,0ecaa5967403d082aa24f35e1b516d23) Generated GUIDs only implemented for interfaces!
 -> (artifact id: 'db02c8fd2b17f8072fd07c7f32646f9b') in 0.010715 seconds
Number of updated asset objects reloaded before import = 0
Number of asset objects unloaded after import = 1
========================================================================
Received Import Request.
  Time since last request: 0.000073 seconds.
  path: Assets/Models/Standard/skull_02_b.fbx
  artifactKey: Guid(f188b670ab62d4adba24349ddf9d25c0) Importer(2089858483,0ecaa5967403d082aa24f35e1b516d23)
Start importing Assets/Models/Standard/skull_02_b.fbx using Guid(f188b670ab62d4adba24349ddf9d25c0) Importer(2089858483,0ecaa5967403d082aa24f35e1b516d23) Generated GUIDs only implemented for interfaces!
 -> (artifact id: 'fd1eb28eb01bf9dc14d74facabc1fd59') in 0.036958 seconds
Number of updated asset objects reloaded before import = 0
Number of asset objects unloaded after import = 9
========================================================================
Received Import Request.
  Time since last request: 0.000049 seconds.
  path: Assets/Models/Mobile/mobile_arch.fbx
  artifactKey: Guid(64beab2c32bc04bb4b65827f9fa3778f) Importer(2089858483,0ecaa5967403d082aa24f35e1b516d23)
Start importing Assets/Models/Mobile/mobile_arch.fbx using Guid(64beab2c32bc04bb4b65827f9fa3778f) Importer(2089858483,0ecaa5967403d082aa24f35e1b516d23) Generated GUIDs only implemented for interfaces!
 -> (artifact id: 'a24a09214d003e35fd38a12d9536faa6') in 0.042320 seconds
Number of updated asset objects reloaded before import = 0
Number of asset objects unloaded after import = 9
========================================================================
Received Import Request.
  Time since last request: 0.000033 seconds.
  path: Assets/Models/Standard/scaffolding_07.fbx
  artifactKey: Guid(10cc227d52cf14f74ae686ea679dd997) Importer(2089858483,0ecaa5967403d082aa24f35e1b516d23)
Start importing Assets/Models/Standard/scaffolding_07.fbx using Guid(10cc227d52cf14f74ae686ea679dd997) Importer(2089858483,0ecaa5967403d082aa24f35e1b516d23) Generated GUIDs only implemented for interfaces!
 -> (artifact id: '6d44c3c28073e90732aec69fa1384188') in 0.032395 seconds
Number of updated asset objects reloaded before import = 0
Number of asset objects unloaded after import = 9
========================================================================
Received Import Request.
  Time since last request: 0.000020 seconds.
  path: Assets/TextMesh Pro/Resources/Fonts & Materials/LiberationSans SDF - Outline.mat
  artifactKey: Guid(79459efec17a4d00a321bdcc27bbc385) Importer(2089858483,0ecaa5967403d082aa24f35e1b516d23)
Start importing Assets/TextMesh Pro/Resources/Fonts & Materials/LiberationSans SDF - Outline.mat using Guid(79459efec17a4d00a321bdcc27bbc385) Importer(2089858483,0ecaa5967403d082aa24f35e1b516d23) Generated GUIDs only implemented for interfaces!
 -> (artifact id: '74f3260b5b16eef08d9f0d79b74a4fae') in 0.029471 seconds
Number of updated asset objects reloaded before import = 0
Number of asset objects unloaded after import = 2
========================================================================
Received Import Request.
  Time since last request: 0.000022 seconds.
  path: Assets/TextMesh Pro/Resources/Fonts & Materials/LiberationSans SDF.asset
  artifactKey: Guid(8f586378b4e144a9851e7b34d9b748ee) Importer(2089858483,0ecaa5967403d082aa24f35e1b516d23)
Start importing Assets/TextMesh Pro/Resources/Fonts & Materials/LiberationSans SDF.asset using Guid(8f586378b4e144a9851e7b34d9b748ee) Importer(2089858483,0ecaa5967403d082aa24f35e1b516d23) Generated GUIDs only implemented for interfaces!
 -> (artifact id: 'a2764358e84aa2d6cc8a4fe602a6824d') in 0.074158 seconds
Number of updated asset objects reloaded before import = 0
Number of asset objects unloaded after import = 8
========================================================================
Received Import Request.
  Time since last request: 0.000366 seconds.
  path: Assets/TextMesh Pro/Shaders/TMP_Bitmap-Mobile.shader
  artifactKey: Guid(1e3b057af24249748ff873be7fafee47) Importer(2089858483,0ecaa5967403d082aa24f35e1b516d23)
Start importing Assets/TextMesh Pro/Shaders/TMP_Bitmap-Mobile.shader using Guid(1e3b057af24249748ff873be7fafee47) Importer(2089858483,0ecaa5967403d082aa24f35e1b516d23) Generated GUIDs only implemented for interfaces!
 -> (artifact id: '840cd3f74439c64e72628486a9b80f2d') in 0.010087 seconds
Number of updated asset objects reloaded before import = 0
Number of asset objects unloaded after import = 1
========================================================================
Received Import Request.
  Time since last request: 0.000018 seconds.
  path: Assets/Models/Mobile/mobile_skull_02.fbx
  artifactKey: Guid(fa2990dac41e143049d19d4eb1d85961) Importer(2089858483,0ecaa5967403d082aa24f35e1b516d23)
Start importing Assets/Models/Mobile/mobile_skull_02.fbx using Guid(fa2990dac41e143049d19d4eb1d85961) Importer(2089858483,0ecaa5967403d082aa24f35e1b516d23) Generated GUIDs only implemented for interfaces!
 -> (artifact id: 'db89b9fab76cbdf3f7d99486fb8ec636') in 0.036452 seconds
Number of updated asset objects reloaded before import = 0
Number of asset objects unloaded after import = 9
========================================================================
Received Import Request.
  Time since last request: 0.000016 seconds.
  path: Assets/Models/Standard/floor_04_plane.fbx
  artifactKey: Guid(9fcb5151f179e40449ebc160cbbb7ed4) Importer(2089858483,0ecaa5967403d082aa24f35e1b516d23)
Start importing Assets/Models/Standard/floor_04_plane.fbx using Guid(9fcb5151f179e40449ebc160cbbb7ed4) Importer(2089858483,0ecaa5967403d082aa24f35e1b516d23) Generated GUIDs only implemented for interfaces!
 -> (artifact id: '1046e395abcd543bc177668a55c78026') in 0.028930 seconds
Number of updated asset objects reloaded before import = 0
Number of asset objects unloaded after import = 9
========================================================================
Received Import Request.
  Time since last request: 0.000023 seconds.
  path: Assets/Models/Mobile/mobile_skull_01_b.fbx
  artifactKey: Guid(faf4522a1f6334004a7d035920bdc3df) Importer(2089858483,0ecaa5967403d082aa24f35e1b516d23)
Start importing Assets/Models/Mobile/mobile_skull_01_b.fbx using Guid(faf4522a1f6334004a7d035920bdc3df) Importer(2089858483,0ecaa5967403d082aa24f35e1b516d23) Generated GUIDs only implemented for interfaces!
 -> (artifact id: '9d68584cc492a149763618676452a59e') in 0.036834 seconds
Number of updated asset objects reloaded before import = 0
Number of asset objects unloaded after import = 9
========================================================================
Received Import Request.
  Time since last request: 0.000036 seconds.
  path: Assets/Models/Standard/bone_02.fbx
  artifactKey: Guid(a93ef4d86e7b34188ae8f0894d410267) Importer(2089858483,0ecaa5967403d082aa24f35e1b516d23)
Start importing Assets/Models/Standard/bone_02.fbx using Guid(a93ef4d86e7b34188ae8f0894d410267) Importer(2089858483,0ecaa5967403d082aa24f35e1b516d23) Generated GUIDs only implemented for interfaces!
 -> (artifact id: '4f448fdebd199003b407b3c9e9718aa2') in 0.035302 seconds
Number of updated asset objects reloaded before import = 0
Number of asset objects unloaded after import = 9
========================================================================
Received Import Request.
  Time since last request: 0.000341 seconds.
  path: Assets/Models/Standard/lower_wall_pillar.fbx
  artifactKey: Guid(21d9fb8923a28458f86f6217132ff4a8) Importer(2089858483,0ecaa5967403d082aa24f35e1b516d23)
Start importing Assets/Models/Standard/lower_wall_pillar.fbx using Guid(21d9fb8923a28458f86f6217132ff4a8) Importer(2089858483,0ecaa5967403d082aa24f35e1b516d23) Generated GUIDs only implemented for interfaces!
 -> (artifact id: 'af2c29a46e41d5a049e0bd82eb8fcfc5') in 0.030375 seconds
Number of updated asset objects reloaded before import = 0
Number of asset objects unloaded after import = 9
========================================================================
Received Import Request.
  Time since last request: 0.000021 seconds.
  path: Assets/Textures/dungeon_set_02_floor_atlas_red.tga
  artifactKey: Guid(c72fd4be5f6ee44afa20dbafc9fa1f4a) Importer(2089858483,0ecaa5967403d082aa24f35e1b516d23)
Start importing Assets/Textures/dungeon_set_02_floor_atlas_red.tga using Guid(c72fd4be5f6ee44afa20dbafc9fa1f4a) Importer(2089858483,0ecaa5967403d082aa24f35e1b516d23) Generated GUIDs only implemented for interfaces!
 -> (artifact id: 'a18cf65d329a37bd41476592f6d27678') in 0.035258 seconds
Number of updated asset objects reloaded before import = 0
Number of asset objects unloaded after import = 1
========================================================================
Received Import Request.
  Time since last request: 0.000022 seconds.
  path: Assets/TextMesh Pro/Fonts/LiberationSans - OFL.txt
  artifactKey: Guid(6e59c59b81ab47f9b6ec5781fa725d2c) Importer(2089858483,0ecaa5967403d082aa24f35e1b516d23)
Start importing Assets/TextMesh Pro/Fonts/LiberationSans - OFL.txt using Guid(6e59c59b81ab47f9b6ec5781fa725d2c) Importer(2089858483,0ecaa5967403d082aa24f35e1b516d23) Generated GUIDs only implemented for interfaces!
 -> (artifact id: '683fb45d19be35ac98898cb5f46531eb') in 0.006036 seconds
Number of updated asset objects reloaded before import = 0
Number of asset objects unloaded after import = 1
========================================================================
Received Import Request.
  Time since last request: 0.000023 seconds.
  path: Assets/Models/Standard/scaffolding_01.fbx
  artifactKey: Guid(7ca90387954dd44709732e3ac1a81bcc) Importer(2089858483,0ecaa5967403d082aa24f35e1b516d23)
Start importing Assets/Models/Standard/scaffolding_01.fbx using Guid(7ca90387954dd44709732e3ac1a81bcc) Importer(2089858483,0ecaa5967403d082aa24f35e1b516d23) Generated GUIDs only implemented for interfaces!
 -> (artifact id: '6172b1a3f9bf6bbd639b919a980e0147') in 0.027547 seconds
Number of updated asset objects reloaded before import = 0
Number of asset objects unloaded after import = 9
========================================================================
Received Import Request.
  Time since last request: 0.000029 seconds.
  path: Assets/TextMesh Pro/Shaders/TMP_SDF.shader
  artifactKey: Guid(68e6db2ebdc24f95958faec2be5558d6) Importer(2089858483,0ecaa5967403d082aa24f35e1b516d23)
Start importing Assets/TextMesh Pro/Shaders/TMP_SDF.shader using Guid(68e6db2ebdc24f95958faec2be5558d6) Importer(2089858483,0ecaa5967403d082aa24f35e1b516d23) Generated GUIDs only implemented for interfaces!
 -> (artifact id: 'bcfce38f582be5a5207ba0f020ffb48e') in 0.010918 seconds
Number of updated asset objects reloaded before import = 0
Number of asset objects unloaded after import = 1
========================================================================
Received Import Request.
  Time since last request: 0.000020 seconds.
  path: Assets/Models/Mobile/mobile_floor_divider_hub.fbx
  artifactKey: Guid(b3b2d2a1ed8c24d818f97e8ab79cb196) Importer(2089858483,0ecaa5967403d082aa24f35e1b516d23)
Start importing Assets/Models/Mobile/mobile_floor_divider_hub.fbx using Guid(b3b2d2a1ed8c24d818f97e8ab79cb196) Importer(2089858483,0ecaa5967403d082aa24f35e1b516d23) Generated GUIDs only implemented for interfaces!
 -> (artifact id: '6dd29897c812aee6f20b2b1656c78ed8') in 0.026661 seconds
Number of updated asset objects reloaded before import = 0
Number of asset objects unloaded after import = 9
========================================================================
Received Import Request.
  Time since last request: 0.000021 seconds.
  path: Assets/Models/Mobile/mobile_pillar_02.fbx
  artifactKey: Guid(db89d79ce580949119bf14c89fb9e6b8) Importer(2089858483,0ecaa5967403d082aa24f35e1b516d23)
Start importing Assets/Models/Mobile/mobile_pillar_02.fbx using Guid(db89d79ce580949119bf14c89fb9e6b8) Importer(2089858483,0ecaa5967403d082aa24f35e1b516d23) Generated GUIDs only implemented for interfaces!
 -> (artifact id: '82bbae6f8a69e37cb9c7cfb6f215c9bd') in 0.034637 seconds
Number of updated asset objects reloaded before import = 0
Number of asset objects unloaded after import = 9
========================================================================
Received Import Request.
  Time since last request: 0.000028 seconds.
  path: Assets/Models/Standard/step_wall_01.fbx
  artifactKey: Guid(2a51e8a3118af4e45b5ac4bf87fb0ad0) Importer(2089858483,0ecaa5967403d082aa24f35e1b516d23)
Start importing Assets/Models/Standard/step_wall_01.fbx using Guid(2a51e8a3118af4e45b5ac4bf87fb0ad0) Importer(2089858483,0ecaa5967403d082aa24f35e1b516d23) Generated GUIDs only implemented for interfaces!
 -> (artifact id: '211034421ae896f31dec364333a49f21') in 0.028540 seconds
Number of updated asset objects reloaded before import = 0
Number of asset objects unloaded after import = 9
========================================================================
Received Import Request.
  Time since last request: 0.000030 seconds.
  path: Assets/Models/Standard/arch.fbx
  artifactKey: Guid(38000b18fcaf0463d876955f8856434a) Importer(2089858483,0ecaa5967403d082aa24f35e1b516d23)
Start importing Assets/Models/Standard/arch.fbx using Guid(38000b18fcaf0463d876955f8856434a) Importer(2089858483,0ecaa5967403d082aa24f35e1b516d23) Generated GUIDs only implemented for interfaces!
 -> (artifact id: 'dbb3711420c6c66c1bab91569ac49646') in 0.029815 seconds
Number of updated asset objects reloaded before import = 0
Number of asset objects unloaded after import = 9
========================================================================
Received Prepare
Begin MonoManager ReloadAssembly
- Loaded All Assemblies, in  0.563 seconds
Refreshing native plugins compatible for Editor in 0.65 ms, found 0 plugins.
Native extension for UWP target not found
Native extension for WindowsStandalone target not found
Native extension for iOS target not found
Native extension for WebGL target not found
Mono: successfully reloaded assembly
- Finished resetting the current domain, in  0.696 seconds
Domain Reload Profiling: 1256ms
	BeginReloadAssembly (155ms)
		ExecutionOrderSort (0ms)
		DisableScriptedObjects (5ms)
		BackupInstance (0ms)
		ReleaseScriptingObjects (0ms)
		CreateAndSetChildDomain (34ms)
	RebuildCommonClasses (35ms)
	RebuildNativeTypeToScriptingClass (12ms)
	initialDomainReloadingComplete (30ms)
	LoadAllAssembliesAndSetupDomain (328ms)
		LoadAssemblies (199ms)
		RebuildTransferFunctionScriptingTraits (0ms)
		AnalyzeDomain (204ms)
			TypeCache.Refresh (200ms)
				TypeCache.ScanAssembly (186ms)
			ScanForSourceGeneratedMonoScriptInfo (0ms)
			ResolveRequiredComponents (4ms)
	FinalizeReload (696ms)
		ReleaseScriptCaches (0ms)
		RebuildScriptCaches (0ms)
		SetupLoadedEditorAssemblies (304ms)
			LogAssemblyErrors (0ms)
			InitializePlatformSupportModulesInManaged (33ms)
			SetLoadedEditorAssemblies (5ms)
			RefreshPlugins (0ms)
			BeforeProcessingInitializeOnLoad (48ms)
			ProcessInitializeOnLoadAttributes (174ms)
			ProcessInitializeOnLoadMethodAttributes (38ms)
			AfterProcessingInitializeOnLoad (7ms)
			EditorAssembliesLoaded (0ms)
		ExecutionOrderSort2 (0ms)
		AwakeInstancesAfterBackupRestoration (23ms)
Refreshing native plugins compatible for Editor in 0.43 ms, found 0 plugins.
Preloading 0 native plugins for Editor in 0.00 ms.
Unloading 1009 Unused Serialized files (Serialized files now loaded: 0)
Unloading 6 unused Assets / (23.8 KB). Loaded Objects now: 1554.
Memory consumption went from 74.4 MB to 74.4 MB.
Total: 4.024100 ms (FindLiveObjects: 0.132900 ms CreateObjectMapping: 0.063300 ms MarkObjects: 3.787200 ms  DeleteObjects: 0.039500 ms)

Prepare: number of updated asset objects reloaded= 0
AssetImportParameters requested are different than current active one (requested -> active):
  custom:video-encoder-webm-vp8: eb34c28f22e8b96e1ab97ce403110664 -> 
  custom:video-decoder-webm-vp8: 9c59270c3fd7afecdb556c50c9e8de78 -> 
  custom:audio-decoder-ogg-vorbis: bf7c407c2cedff20999df2af8eb42d56 -> 
  custom:SearchIndexIgnoredProperties: e643bd26f0fe6173181afceb89e7c659 -> 
  custom:container-demuxer-ogg: 62fdf1f143b41e24485cea50d1cbac27 -> 
  custom:AudioImporter_EditorPlatform: d09bf68614088b80899f8185d706f6e7 -> 
  custom:CustomObjectIndexerAttribute: 756ad292c208cfabdd7b50bc23989ffe -> 
  custom:container-demuxer-webm: 4f35f7cbe854078d1ac9338744f61a02 -> 
  custom:video-codec-MediaFoundation-h265: 746d11721c4dcdbdad8f713fa42b33f4 -> 
  custom:video-decoder-ogg-theora: a1e56fd34408186e4bbccfd4996cb3dc -> 
  custom:audio-encoder-webm-vorbis: bf7c407c2cedff20999df2af8eb42d56 -> 
  custom:framework-win-MediaFoundation: 216162199b28c13a410421893ffa2e32 -> 
  custom:container-muxer-webm: aa71ff27fc2769a1b78a27578f13a17b -> 
